{"/Users/metehansimsek/smart-sensor-system/backend/src/app.ts": {"path":"/Users/metehansimsek/smart-sensor-system/backend/src/app.ts","statementMap":{"0":{"start":{"line":1,"column":0},"end":{"line":1,"column":80}},"1":{"start":{"line":2,"column":0},"end":{"line":2,"column":24}},"2":{"start":{"line":3,"column":0},"end":{"line":3,"column":28}},"3":{"start":{"line":4,"column":0},"end":{"line":4,"column":28}},"4":{"start":{"line":5,"column":0},"end":{"line":5,"column":43}},"5":{"start":{"line":6,"column":0},"end":{"line":6,"column":36}},"6":{"start":{"line":7,"column":0},"end":{"line":7,"column":35}},"7":{"start":{"line":8,"column":0},"end":{"line":8,"column":28}},"8":{"start":{"line":9,"column":0},"end":{"line":9,"column":46}},"9":{"start":{"line":10,"column":0},"end":{"line":10,"column":39}},"10":{"start":{"line":11,"column":0},"end":{"line":11,"column":48}},"11":{"start":{"line":12,"column":0},"end":{"line":12,"column":44}},"12":{"start":{"line":13,"column":0},"end":{"line":13,"column":40}},"13":{"start":{"line":14,"column":0},"end":{"line":14,"column":38}},"14":{"start":{"line":15,"column":0},"end":{"line":15,"column":47}},"15":{"start":{"line":16,"column":0},"end":{"line":16,"column":48}},"16":{"start":{"line":17,"column":0},"end":{"line":17,"column":53}},"17":{"start":{"line":18,"column":0},"end":{"line":18,"column":31}},"18":{"start":{"line":21,"column":0},"end":{"line":21,"column":16}},"19":{"start":{"line":23,"column":13},"end":{"line":23,"column":42}},"20":{"start":{"line":24,"column":19},"end":{"line":24,"column":36}},"21":{"start":{"line":26,"column":11},"end":{"line":31,"column":2}},"22":{"start":{"line":100,"column":10},"end":{"line":100,"column":12}},"23":{"start":{"line":33,"column":0},"end":{"line":33,"column":18}},"24":{"start":{"line":34,"column":0},"end":{"line":37,"column":4}},"25":{"start":{"line":38,"column":0},"end":{"line":38,"column":23}},"26":{"start":{"line":39,"column":0},"end":{"line":39,"column":24}},"27":{"start":{"line":40,"column":0},"end":{"line":40,"column":48}},"28":{"start":{"line":43,"column":16},"end":{"line":47,"column":2}},"29":{"start":{"line":48,"column":0},"end":{"line":48,"column":25}},"30":{"start":{"line":50,"column":0},"end":{"line":56,"column":3}},"31":{"start":{"line":51,"column":2},"end":{"line":55,"column":5}},"32":{"start":{"line":59,"column":0},"end":{"line":59,"column":33}},"33":{"start":{"line":60,"column":0},"end":{"line":60,"column":38}},"34":{"start":{"line":61,"column":0},"end":{"line":61,"column":34}},"35":{"start":{"line":62,"column":0},"end":{"line":62,"column":32}},"36":{"start":{"line":63,"column":0},"end":{"line":63,"column":41}},"37":{"start":{"line":64,"column":0},"end":{"line":64,"column":42}},"38":{"start":{"line":65,"column":0},"end":{"line":65,"column":40}},"39":{"start":{"line":67,"column":0},"end":{"line":69,"column":3}},"40":{"start":{"line":68,"column":2},"end":{"line":68,"column":58}},"41":{"start":{"line":72,"column":0},"end":{"line":77,"column":3}},"42":{"start":{"line":73,"column":2},"end":{"line":73,"column":27}},"43":{"start":{"line":74,"column":2},"end":{"line":76,"column":5}},"44":{"start":{"line":80,"column":0},"end":{"line":85,"column":3}},"45":{"start":{"line":81,"column":2},"end":{"line":81,"column":48}},"46":{"start":{"line":82,"column":2},"end":{"line":84,"column":5}},"47":{"start":{"line":83,"column":4},"end":{"line":83,"column":52}},"48":{"start":{"line":88,"column":0},"end":{"line":88,"column":18}},"49":{"start":{"line":90,"column":13},"end":{"line":90,"column":37}},"50":{"start":{"line":91,"column":0},"end":{"line":98,"column":1}},"51":{"start":{"line":92,"column":2},"end":{"line":97,"column":5}},"52":{"start":{"line":93,"column":4},"end":{"line":93,"column":22}},"53":{"start":{"line":94,"column":4},"end":{"line":94,"column":20}},"54":{"start":{"line":95,"column":4},"end":{"line":95,"column":65}},"55":{"start":{"line":96,"column":4},"end":{"line":96,"column":70}}},"fnMap":{"0":{"name":"(anonymous_1)","decl":{"start":{"line":50,"column":19},"end":{"line":50,"column":20}},"loc":{"start":{"line":50,"column":51},"end":{"line":56,"column":1}}},"1":{"name":"(anonymous_2)","decl":{"start":{"line":67,"column":8},"end":{"line":67,"column":9}},"loc":{"start":{"line":67,"column":40},"end":{"line":69,"column":1}}},"2":{"name":"(anonymous_3)","decl":{"start":{"line":72,"column":8},"end":{"line":72,"column":9}},"loc":{"start":{"line":72,"column":72},"end":{"line":77,"column":1}}},"3":{"name":"(anonymous_4)","decl":{"start":{"line":80,"column":20},"end":{"line":80,"column":21}},"loc":{"start":{"line":80,"column":31},"end":{"line":85,"column":1}}},"4":{"name":"(anonymous_5)","decl":{"start":{"line":82,"column":26},"end":{"line":82,"column":29}},"loc":{"start":{"line":82,"column":31},"end":{"line":84,"column":3}}},"5":{"name":"(anonymous_6)","decl":{"start":{"line":92,"column":26},"end":{"line":92,"column":31}},"loc":{"start":{"line":92,"column":37},"end":{"line":97,"column":3}}}},"branchMap":{"0":{"loc":{"start":{"line":28,"column":12},"end":{"line":28,"column":61}},"type":"binary-expr","locations":[{"start":{"line":28,"column":12},"end":{"line":28,"column":34}},{"start":{"line":28,"column":38},"end":{"line":28,"column":61}}]},"1":{"loc":{"start":{"line":35,"column":10},"end":{"line":35,"column":59}},"type":"binary-expr","locations":[{"start":{"line":35,"column":10},"end":{"line":35,"column":32}},{"start":{"line":35,"column":36},"end":{"line":35,"column":59}}]},"2":{"loc":{"start":{"line":75,"column":11},"end":{"line":75,"column":42}},"type":"binary-expr","locations":[{"start":{"line":75,"column":11},"end":{"line":75,"column":22}},{"start":{"line":75,"column":26},"end":{"line":75,"column":42}}]},"3":{"loc":{"start":{"line":90,"column":13},"end":{"line":90,"column":37}},"type":"binary-expr","locations":[{"start":{"line":90,"column":13},"end":{"line":90,"column":29}},{"start":{"line":90,"column":33},"end":{"line":90,"column":37}}]},"4":{"loc":{"start":{"line":91,"column":0},"end":{"line":98,"column":1}},"type":"if","locations":[{"start":{"line":91,"column":0},"end":{"line":98,"column":1}}]},"5":{"loc":{"start":{"line":96,"column":29},"end":{"line":96,"column":66}},"type":"binary-expr","locations":[{"start":{"line":96,"column":29},"end":{"line":96,"column":49}},{"start":{"line":96,"column":53},"end":{"line":96,"column":66}}]}},"s":{"0":3,"1":3,"2":3,"3":3,"4":3,"5":3,"6":3,"7":3,"8":3,"9":3,"10":3,"11":3,"12":3,"13":3,"14":3,"15":3,"16":3,"17":3,"18":3,"19":3,"20":3,"21":3,"22":3,"23":3,"24":3,"25":3,"26":3,"27":3,"28":3,"29":3,"30":3,"31":0,"32":3,"33":3,"34":3,"35":3,"36":3,"37":3,"38":3,"39":3,"40":0,"41":3,"42":0,"43":0,"44":3,"45":0,"46":0,"47":0,"48":3,"49":3,"50":3,"51":0,"52":0,"53":0,"54":0,"55":0},"f":{"0":0,"1":0,"2":0,"3":0,"4":0,"5":0},"b":{"0":[3,0],"1":[3,0],"2":[0,0],"3":[3,0],"4":[0],"5":[0,0]}}
,"/Users/metehansimsek/smart-sensor-system/backend/src/config/database.ts": {"path":"/Users/metehansimsek/smart-sensor-system/backend/src/config/database.ts","statementMap":{"0":{"start":{"line":1,"column":0},"end":{"line":1,"column":38}},"1":{"start":{"line":2,"column":0},"end":{"line":2,"column":28}},"2":{"start":{"line":4,"column":0},"end":{"line":4,"column":16}},"3":{"start":{"line":6,"column":18},"end":{"line":20,"column":2}},"4":{"start":{"line":22,"column":25},"end":{"line":31,"column":1}},"5":{"start":{"line":23,"column":2},"end":{"line":30,"column":3}},"6":{"start":{"line":24,"column":4},"end":{"line":24,"column":35}},"7":{"start":{"line":25,"column":4},"end":{"line":25,"column":42}},"8":{"start":{"line":26,"column":4},"end":{"line":26,"column":52}},"9":{"start":{"line":28,"column":4},"end":{"line":28,"column":58}},"10":{"start":{"line":29,"column":4},"end":{"line":29,"column":20}},"11":{"start":{"line":22,"column":13},"end":{"line":22,"column":25}},"12":{"start":{"line":33,"column":0},"end":{"line":33,"column":25}}},"fnMap":{"0":{"name":"(anonymous_1)","decl":{"start":{"line":22,"column":25},"end":{"line":22,"column":30}},"loc":{"start":{"line":22,"column":51},"end":{"line":31,"column":1}}}},"branchMap":{"0":{"loc":{"start":{"line":8,"column":8},"end":{"line":8,"column":48}},"type":"binary-expr","locations":[{"start":{"line":8,"column":8},"end":{"line":8,"column":33}},{"start":{"line":8,"column":37},"end":{"line":8,"column":48}}]},"1":{"loc":{"start":{"line":9,"column":8},"end":{"line":9,"column":49}},"type":"binary-expr","locations":[{"start":{"line":9,"column":8},"end":{"line":9,"column":41}},{"start":{"line":9,"column":45},"end":{"line":9,"column":49}}]},"2":{"loc":{"start":{"line":10,"column":12},"end":{"line":10,"column":50}},"type":"binary-expr","locations":[{"start":{"line":10,"column":12},"end":{"line":10,"column":35}},{"start":{"line":10,"column":39},"end":{"line":10,"column":50}}]},"3":{"loc":{"start":{"line":11,"column":12},"end":{"line":11,"column":48}},"type":"binary-expr","locations":[{"start":{"line":11,"column":12},"end":{"line":11,"column":37}},{"start":{"line":11,"column":41},"end":{"line":11,"column":48}}]},"4":{"loc":{"start":{"line":12,"column":12},"end":{"line":12,"column":56}},"type":"binary-expr","locations":[{"start":{"line":12,"column":12},"end":{"line":12,"column":41}},{"start":{"line":12,"column":45},"end":{"line":12,"column":56}}]},"5":{"loc":{"start":{"line":13,"column":11},"end":{"line":13,"column":71}},"type":"cond-expr","locations":[{"start":{"line":13,"column":52},"end":{"line":13,"column":63}},{"start":{"line":13,"column":66},"end":{"line":13,"column":71}}]}},"s":{"0":3,"1":3,"2":3,"3":3,"4":3,"5":0,"6":0,"7":0,"8":0,"9":0,"10":0,"11":3,"12":3},"f":{"0":0},"b":{"0":[3,0],"1":[3,3],"2":[3,0],"3":[3,0],"4":[3,0],"5":[0,3]}}
,"/Users/metehansimsek/smart-sensor-system/backend/src/controllers/authController.ts": {"path":"/Users/metehansimsek/smart-sensor-system/backend/src/controllers/authController.ts","statementMap":{"0":{"start":{"line":2,"column":0},"end":{"line":2,"column":31}},"1":{"start":{"line":3,"column":0},"end":{"line":3,"column":36}},"2":{"start":{"line":4,"column":0},"end":{"line":4,"column":48}},"3":{"start":{"line":5,"column":0},"end":{"line":5,"column":40}},"4":{"start":{"line":8,"column":22},"end":{"line":14,"column":1}},"5":{"start":{"line":9,"column":2},"end":{"line":13,"column":4}},"6":{"start":{"line":17,"column":21},"end":{"line":63,"column":1}},"7":{"start":{"line":18,"column":2},"end":{"line":62,"column":3}},"8":{"start":{"line":19,"column":32},"end":{"line":19,"column":40}},"9":{"start":{"line":21,"column":4},"end":{"line":24,"column":5}},"10":{"start":{"line":22,"column":6},"end":{"line":22,"column":65}},"11":{"start":{"line":23,"column":6},"end":{"line":23,"column":13}},"12":{"start":{"line":26,"column":17},"end":{"line":26,"column":73}},"13":{"start":{"line":27,"column":4},"end":{"line":30,"column":5}},"14":{"start":{"line":28,"column":6},"end":{"line":28,"column":68}},"15":{"start":{"line":29,"column":6},"end":{"line":29,"column":13}},"16":{"start":{"line":32,"column":20},"end":{"line":32,"column":56}},"17":{"start":{"line":33,"column":4},"end":{"line":36,"column":5}},"18":{"start":{"line":34,"column":6},"end":{"line":34,"column":68}},"19":{"start":{"line":35,"column":6},"end":{"line":35,"column":13}},"20":{"start":{"line":38,"column":18},"end":{"line":42,"column":6}},"21":{"start":{"line":44,"column":4},"end":{"line":49,"column":7}},"22":{"start":{"line":51,"column":4},"end":{"line":59,"column":7}},"23":{"start":{"line":61,"column":4},"end":{"line":61,"column":54}},"24":{"start":{"line":17,"column":13},"end":{"line":17,"column":21}},"25":{"start":{"line":66,"column":24},"end":{"line":85,"column":1}},"26":{"start":{"line":67,"column":2},"end":{"line":84,"column":3}},"27":{"start":{"line":68,"column":55},"end":{"line":68,"column":63}},"28":{"start":{"line":70,"column":21},"end":{"line":70,"column":61}},"29":{"start":{"line":71,"column":4},"end":{"line":74,"column":5}},"30":{"start":{"line":72,"column":6},"end":{"line":72,"column":65}},"31":{"start":{"line":73,"column":6},"end":{"line":73,"column":13}},"32":{"start":{"line":76,"column":17},"end":{"line":76,"column":78}},"33":{"start":{"line":78,"column":4},"end":{"line":81,"column":7}},"34":{"start":{"line":83,"column":4},"end":{"line":83,"column":54}},"35":{"start":{"line":66,"column":13},"end":{"line":66,"column":24}},"36":{"start":{"line":88,"column":30},"end":{"line":96,"column":1}},"37":{"start":{"line":89,"column":2},"end":{"line":95,"column":3}},"38":{"start":{"line":90,"column":19},"end":{"line":90,"column":54}},"39":{"start":{"line":91,"column":4},"end":{"line":91,"column":67}},"40":{"start":{"line":92,"column":4},"end":{"line":92,"column":25}},"41":{"start":{"line":94,"column":4},"end":{"line":94,"column":54}},"42":{"start":{"line":88,"column":13},"end":{"line":88,"column":30}},"43":{"start":{"line":99,"column":18},"end":{"line":108,"column":1}},"44":{"start":{"line":100,"column":2},"end":{"line":107,"column":3}},"45":{"start":{"line":101,"column":17},"end":{"line":103,"column":6}},"46":{"start":{"line":104,"column":4},"end":{"line":104,"column":19}},"47":{"start":{"line":106,"column":4},"end":{"line":106,"column":54}},"48":{"start":{"line":99,"column":13},"end":{"line":99,"column":18}}},"fnMap":{"0":{"name":"(anonymous_1)","decl":{"start":{"line":8,"column":22},"end":{"line":8,"column":23}},"loc":{"start":{"line":8,"column":89},"end":{"line":14,"column":1}}},"1":{"name":"(anonymous_2)","decl":{"start":{"line":17,"column":21},"end":{"line":17,"column":26}},"loc":{"start":{"line":17,"column":74},"end":{"line":63,"column":1}}},"2":{"name":"(anonymous_3)","decl":{"start":{"line":66,"column":24},"end":{"line":66,"column":29}},"loc":{"start":{"line":66,"column":77},"end":{"line":85,"column":1}}},"3":{"name":"(anonymous_4)","decl":{"start":{"line":88,"column":30},"end":{"line":88,"column":35}},"loc":{"start":{"line":88,"column":87},"end":{"line":96,"column":1}}},"4":{"name":"(anonymous_5)","decl":{"start":{"line":99,"column":18},"end":{"line":99,"column":23}},"loc":{"start":{"line":99,"column":75},"end":{"line":108,"column":1}}}},"branchMap":{"0":{"loc":{"start":{"line":12,"column":17},"end":{"line":12,"column":51}},"type":"binary-expr","locations":[{"start":{"line":12,"column":17},"end":{"line":12,"column":43}},{"start":{"line":12,"column":47},"end":{"line":12,"column":51}}]},"1":{"loc":{"start":{"line":21,"column":4},"end":{"line":24,"column":5}},"type":"if","locations":[{"start":{"line":21,"column":4},"end":{"line":24,"column":5}}]},"2":{"loc":{"start":{"line":21,"column":8},"end":{"line":21,"column":27}},"type":"binary-expr","locations":[{"start":{"line":21,"column":8},"end":{"line":21,"column":14}},{"start":{"line":21,"column":18},"end":{"line":21,"column":27}}]},"3":{"loc":{"start":{"line":27,"column":4},"end":{"line":30,"column":5}},"type":"if","locations":[{"start":{"line":27,"column":4},"end":{"line":30,"column":5}}]},"4":{"loc":{"start":{"line":33,"column":4},"end":{"line":36,"column":5}},"type":"if","locations":[{"start":{"line":33,"column":4},"end":{"line":36,"column":5}}]},"5":{"loc":{"start":{"line":71,"column":4},"end":{"line":74,"column":5}},"type":"if","locations":[{"start":{"line":71,"column":4},"end":{"line":74,"column":5}}]}},"s":{"0":3,"1":3,"2":3,"3":3,"4":3,"5":0,"6":3,"7":1,"8":1,"9":1,"10":1,"11":1,"12":0,"13":0,"14":0,"15":0,"16":0,"17":0,"18":0,"19":0,"20":0,"21":0,"22":0,"23":0,"24":3,"25":3,"26":0,"27":0,"28":0,"29":0,"30":0,"31":0,"32":0,"33":0,"34":0,"35":3,"36":3,"37":0,"38":0,"39":0,"40":0,"41":0,"42":3,"43":3,"44":0,"45":0,"46":0,"47":0,"48":3},"f":{"0":0,"1":1,"2":0,"3":0,"4":0},"b":{"0":[0,0],"1":[1],"2":[1,0],"3":[0],"4":[0],"5":[0]}}
,"/Users/metehansimsek/smart-sensor-system/backend/src/controllers/companyController.ts": {"path":"/Users/metehansimsek/smart-sensor-system/backend/src/controllers/companyController.ts","statementMap":{"0":{"start":{"line":2,"column":0},"end":{"line":2,"column":40}},"1":{"start":{"line":3,"column":0},"end":{"line":3,"column":48}},"2":{"start":{"line":5,"column":0},"end":{"line":5,"column":46}},"3":{"start":{"line":6,"column":0},"end":{"line":6,"column":38}},"4":{"start":{"line":8,"column":29},"end":{"line":21,"column":1}},"5":{"start":{"line":9,"column":2},"end":{"line":20,"column":3}},"6":{"start":{"line":10,"column":34},"end":{"line":10,"column":42}},"7":{"start":{"line":11,"column":21},"end":{"line":11,"column":63}},"8":{"start":{"line":12,"column":4},"end":{"line":15,"column":5}},"9":{"start":{"line":13,"column":6},"end":{"line":13,"column":70}},"10":{"start":{"line":14,"column":6},"end":{"line":14,"column":13}},"11":{"start":{"line":16,"column":20},"end":{"line":16,"column":63}},"12":{"start":{"line":17,"column":4},"end":{"line":17,"column":34}},"13":{"start":{"line":19,"column":4},"end":{"line":19,"column":54}},"14":{"start":{"line":8,"column":13},"end":{"line":8,"column":29}},"15":{"start":{"line":24,"column":28},"end":{"line":31,"column":1}},"16":{"start":{"line":25,"column":2},"end":{"line":30,"column":3}},"17":{"start":{"line":26,"column":22},"end":{"line":26,"column":74}},"18":{"start":{"line":27,"column":4},"end":{"line":27,"column":24}},"19":{"start":{"line":29,"column":4},"end":{"line":29,"column":54}},"20":{"start":{"line":24,"column":13},"end":{"line":24,"column":28}},"21":{"start":{"line":34,"column":29},"end":{"line":51,"column":1}},"22":{"start":{"line":35,"column":2},"end":{"line":50,"column":3}},"23":{"start":{"line":36,"column":19},"end":{"line":36,"column":29}},"24":{"start":{"line":37,"column":44},"end":{"line":37,"column":52}},"25":{"start":{"line":39,"column":18},"end":{"line":39,"column":48}},"26":{"start":{"line":41,"column":20},"end":{"line":41,"column":49}},"27":{"start":{"line":42,"column":4},"end":{"line":45,"column":5}},"28":{"start":{"line":43,"column":6},"end":{"line":43,"column":60}},"29":{"start":{"line":44,"column":6},"end":{"line":44,"column":13}},"30":{"start":{"line":46,"column":4},"end":{"line":46,"column":58}},"31":{"start":{"line":47,"column":4},"end":{"line":47,"column":58}},"32":{"start":{"line":49,"column":4},"end":{"line":49,"column":54}},"33":{"start":{"line":34,"column":13},"end":{"line":34,"column":29}},"34":{"start":{"line":54,"column":32},"end":{"line":93,"column":1}},"35":{"start":{"line":55,"column":2},"end":{"line":92,"column":3}},"36":{"start":{"line":56,"column":26},"end":{"line":56,"column":36}},"37":{"start":{"line":57,"column":44},"end":{"line":57,"column":52}},"38":{"start":{"line":59,"column":25},"end":{"line":59,"column":76}},"39":{"start":{"line":62,"column":4},"end":{"line":65,"column":5}},"40":{"start":{"line":63,"column":6},"end":{"line":63,"column":94}},"41":{"start":{"line":64,"column":6},"end":{"line":64,"column":13}},"42":{"start":{"line":68,"column":4},"end":{"line":71,"column":5}},"43":{"start":{"line":69,"column":6},"end":{"line":69,"column":76}},"44":{"start":{"line":70,"column":6},"end":{"line":70,"column":13}},"45":{"start":{"line":73,"column":21},"end":{"line":73,"column":61}},"46":{"start":{"line":74,"column":4},"end":{"line":77,"column":5}},"47":{"start":{"line":75,"column":6},"end":{"line":75,"column":65}},"48":{"start":{"line":76,"column":6},"end":{"line":76,"column":13}},"49":{"start":{"line":79,"column":20},"end":{"line":79,"column":56}},"50":{"start":{"line":80,"column":4},"end":{"line":83,"column":5}},"51":{"start":{"line":81,"column":6},"end":{"line":81,"column":60}},"52":{"start":{"line":82,"column":6},"end":{"line":82,"column":13}},"53":{"start":{"line":85,"column":17},"end":{"line":85,"column":115}},"54":{"start":{"line":86,"column":4},"end":{"line":89,"column":7}},"55":{"start":{"line":91,"column":4},"end":{"line":91,"column":54}},"56":{"start":{"line":54,"column":13},"end":{"line":54,"column":32}},"57":{"start":{"line":96,"column":31},"end":{"line":119,"column":1}},"58":{"start":{"line":97,"column":2},"end":{"line":118,"column":3}},"59":{"start":{"line":98,"column":26},"end":{"line":98,"column":36}},"60":{"start":{"line":100,"column":25},"end":{"line":100,"column":76}},"61":{"start":{"line":103,"column":4},"end":{"line":106,"column":5}},"62":{"start":{"line":104,"column":6},"end":{"line":104,"column":58}},"63":{"start":{"line":105,"column":6},"end":{"line":105,"column":13}},"64":{"start":{"line":108,"column":18},"end":{"line":111,"column":6}},"65":{"start":{"line":114,"column":21},"end":{"line":114,"column":72}},"66":{"start":{"line":114,"column":39},"end":{"line":114,"column":71}},"67":{"start":{"line":115,"column":4},"end":{"line":115,"column":23}},"68":{"start":{"line":117,"column":4},"end":{"line":117,"column":54}},"69":{"start":{"line":96,"column":13},"end":{"line":96,"column":31}},"70":{"start":{"line":121,"column":34},"end":{"line":142,"column":1}},"71":{"start":{"line":122,"column":2},"end":{"line":141,"column":3}},"72":{"start":{"line":123,"column":33},"end":{"line":123,"column":41}},"73":{"start":{"line":124,"column":26},"end":{"line":124,"column":36}},"74":{"start":{"line":126,"column":4},"end":{"line":129,"column":5}},"75":{"start":{"line":127,"column":6},"end":{"line":127,"column":58}},"76":{"start":{"line":128,"column":6},"end":{"line":128,"column":13}},"77":{"start":{"line":131,"column":21},"end":{"line":131,"column":78}},"78":{"start":{"line":132,"column":4},"end":{"line":135,"column":5}},"79":{"start":{"line":133,"column":6},"end":{"line":133,"column":66}},"80":{"start":{"line":134,"column":6},"end":{"line":134,"column":13}},"81":{"start":{"line":137,"column":4},"end":{"line":137,"column":50}},"82":{"start":{"line":138,"column":4},"end":{"line":138,"column":56}},"83":{"start":{"line":140,"column":4},"end":{"line":140,"column":54}},"84":{"start":{"line":121,"column":13},"end":{"line":121,"column":34}},"85":{"start":{"line":144,"column":36},"end":{"line":152,"column":1}},"86":{"start":{"line":145,"column":2},"end":{"line":151,"column":3}},"87":{"start":{"line":146,"column":33},"end":{"line":146,"column":43}},"88":{"start":{"line":147,"column":4},"end":{"line":147,"column":62}},"89":{"start":{"line":148,"column":4},"end":{"line":148,"column":48}},"90":{"start":{"line":150,"column":4},"end":{"line":150,"column":54}},"91":{"start":{"line":144,"column":13},"end":{"line":144,"column":36}},"92":{"start":{"line":154,"column":30},"end":{"line":164,"column":1}},"93":{"start":{"line":155,"column":2},"end":{"line":163,"column":3}},"94":{"start":{"line":156,"column":23},"end":{"line":156,"column":33}},"95":{"start":{"line":157,"column":24},"end":{"line":157,"column":71}},"96":{"start":{"line":158,"column":22},"end":{"line":158,"column":56}},"97":{"start":{"line":158,"column":44},"end":{"line":158,"column":55}},"98":{"start":{"line":159,"column":20},"end":{"line":159,"column":86}},"99":{"start":{"line":160,"column":4},"end":{"line":160,"column":22}},"100":{"start":{"line":162,"column":4},"end":{"line":162,"column":54}},"101":{"start":{"line":154,"column":13},"end":{"line":154,"column":30}}},"fnMap":{"0":{"name":"(anonymous_10)","decl":{"start":{"line":8,"column":29},"end":{"line":8,"column":34}},"loc":{"start":{"line":8,"column":86},"end":{"line":21,"column":1}}},"1":{"name":"(anonymous_11)","decl":{"start":{"line":24,"column":28},"end":{"line":24,"column":33}},"loc":{"start":{"line":24,"column":85},"end":{"line":31,"column":1}}},"2":{"name":"(anonymous_12)","decl":{"start":{"line":34,"column":29},"end":{"line":34,"column":34}},"loc":{"start":{"line":34,"column":86},"end":{"line":51,"column":1}}},"3":{"name":"(anonymous_13)","decl":{"start":{"line":54,"column":32},"end":{"line":54,"column":37}},"loc":{"start":{"line":54,"column":89},"end":{"line":93,"column":1}}},"4":{"name":"(anonymous_14)","decl":{"start":{"line":96,"column":31},"end":{"line":96,"column":36}},"loc":{"start":{"line":96,"column":88},"end":{"line":119,"column":1}}},"5":{"name":"(anonymous_15)","decl":{"start":{"line":114,"column":34},"end":{"line":114,"column":35}},"loc":{"start":{"line":114,"column":39},"end":{"line":114,"column":71}}},"6":{"name":"(anonymous_16)","decl":{"start":{"line":121,"column":34},"end":{"line":121,"column":39}},"loc":{"start":{"line":121,"column":91},"end":{"line":142,"column":1}}},"7":{"name":"(anonymous_17)","decl":{"start":{"line":144,"column":36},"end":{"line":144,"column":41}},"loc":{"start":{"line":144,"column":93},"end":{"line":152,"column":1}}},"8":{"name":"(anonymous_18)","decl":{"start":{"line":154,"column":30},"end":{"line":154,"column":35}},"loc":{"start":{"line":154,"column":87},"end":{"line":164,"column":1}}},"9":{"name":"(anonymous_19)","decl":{"start":{"line":158,"column":38},"end":{"line":158,"column":40}},"loc":{"start":{"line":158,"column":44},"end":{"line":158,"column":55}}}},"branchMap":{"0":{"loc":{"start":{"line":12,"column":4},"end":{"line":15,"column":5}},"type":"if","locations":[{"start":{"line":12,"column":4},"end":{"line":15,"column":5}}]},"1":{"loc":{"start":{"line":39,"column":18},"end":{"line":39,"column":48}},"type":"cond-expr","locations":[{"start":{"line":39,"column":38},"end":{"line":39,"column":43}},{"start":{"line":39,"column":46},"end":{"line":39,"column":48}}]},"2":{"loc":{"start":{"line":42,"column":4},"end":{"line":45,"column":5}},"type":"if","locations":[{"start":{"line":42,"column":4},"end":{"line":45,"column":5}}]},"3":{"loc":{"start":{"line":59,"column":25},"end":{"line":59,"column":76}},"type":"cond-expr","locations":[{"start":{"line":59,"column":52},"end":{"line":59,"column":64}},{"start":{"line":59,"column":67},"end":{"line":59,"column":76}}]},"4":{"loc":{"start":{"line":62,"column":4},"end":{"line":65,"column":5}},"type":"if","locations":[{"start":{"line":62,"column":4},"end":{"line":65,"column":5}}]},"5":{"loc":{"start":{"line":62,"column":8},"end":{"line":62,"column":88}},"type":"binary-expr","locations":[{"start":{"line":62,"column":8},"end":{"line":62,"column":49}},{"start":{"line":62,"column":53},"end":{"line":62,"column":88}}]},"6":{"loc":{"start":{"line":68,"column":4},"end":{"line":71,"column":5}},"type":"if","locations":[{"start":{"line":68,"column":4},"end":{"line":71,"column":5}}]},"7":{"loc":{"start":{"line":68,"column":8},"end":{"line":68,"column":75}},"type":"binary-expr","locations":[{"start":{"line":68,"column":8},"end":{"line":68,"column":49}},{"start":{"line":68,"column":53},"end":{"line":68,"column":75}}]},"8":{"loc":{"start":{"line":74,"column":4},"end":{"line":77,"column":5}},"type":"if","locations":[{"start":{"line":74,"column":4},"end":{"line":77,"column":5}}]},"9":{"loc":{"start":{"line":80,"column":4},"end":{"line":83,"column":5}},"type":"if","locations":[{"start":{"line":80,"column":4},"end":{"line":83,"column":5}}]},"10":{"loc":{"start":{"line":85,"column":66},"end":{"line":85,"column":87}},"type":"binary-expr","locations":[{"start":{"line":85,"column":66},"end":{"line":85,"column":70}},{"start":{"line":85,"column":74},"end":{"line":85,"column":87}}]},"11":{"loc":{"start":{"line":100,"column":25},"end":{"line":100,"column":76}},"type":"cond-expr","locations":[{"start":{"line":100,"column":52},"end":{"line":100,"column":64}},{"start":{"line":100,"column":67},"end":{"line":100,"column":76}}]},"12":{"loc":{"start":{"line":103,"column":4},"end":{"line":106,"column":5}},"type":"if","locations":[{"start":{"line":103,"column":4},"end":{"line":106,"column":5}}]},"13":{"loc":{"start":{"line":103,"column":8},"end":{"line":103,"column":88}},"type":"binary-expr","locations":[{"start":{"line":103,"column":8},"end":{"line":103,"column":49}},{"start":{"line":103,"column":53},"end":{"line":103,"column":88}}]},"14":{"loc":{"start":{"line":126,"column":4},"end":{"line":129,"column":5}},"type":"if","locations":[{"start":{"line":126,"column":4},"end":{"line":129,"column":5}}]},"15":{"loc":{"start":{"line":126,"column":8},"end":{"line":126,"column":85}},"type":"binary-expr","locations":[{"start":{"line":126,"column":8},"end":{"line":126,"column":49}},{"start":{"line":126,"column":53},"end":{"line":126,"column":85}}]},"16":{"loc":{"start":{"line":132,"column":4},"end":{"line":135,"column":5}},"type":"if","locations":[{"start":{"line":132,"column":4},"end":{"line":135,"column":5}}]}},"s":{"0":3,"1":3,"2":3,"3":3,"4":3,"5":0,"6":0,"7":0,"8":0,"9":0,"10":0,"11":0,"12":0,"13":0,"14":3,"15":3,"16":0,"17":0,"18":0,"19":0,"20":3,"21":3,"22":0,"23":0,"24":0,"25":0,"26":0,"27":0,"28":0,"29":0,"30":0,"31":0,"32":0,"33":3,"34":3,"35":0,"36":0,"37":0,"38":0,"39":0,"40":0,"41":0,"42":0,"43":0,"44":0,"45":0,"46":0,"47":0,"48":0,"49":0,"50":0,"51":0,"52":0,"53":0,"54":0,"55":0,"56":3,"57":3,"58":0,"59":0,"60":0,"61":0,"62":0,"63":0,"64":0,"65":0,"66":0,"67":0,"68":0,"69":3,"70":3,"71":0,"72":0,"73":0,"74":0,"75":0,"76":0,"77":0,"78":0,"79":0,"80":0,"81":0,"82":0,"83":0,"84":3,"85":3,"86":0,"87":0,"88":0,"89":0,"90":0,"91":3,"92":3,"93":0,"94":0,"95":0,"96":0,"97":0,"98":0,"99":0,"100":0,"101":3},"f":{"0":0,"1":0,"2":0,"3":0,"4":0,"5":0,"6":0,"7":0,"8":0,"9":0},"b":{"0":[0],"1":[0,0],"2":[0],"3":[0,0],"4":[0],"5":[0,0],"6":[0],"7":[0,0],"8":[0],"9":[0],"10":[0,0],"11":[0,0],"12":[0],"13":[0,0],"14":[0],"15":[0,0],"16":[0]}}
,"/Users/metehansimsek/smart-sensor-system/backend/src/controllers/customerController.ts": {"path":"/Users/metehansimsek/smart-sensor-system/backend/src/controllers/customerController.ts","statementMap":{"0":{"start":{"line":2,"column":0},"end":{"line":2,"column":42}},"1":{"start":{"line":3,"column":0},"end":{"line":3,"column":40}},"2":{"start":{"line":7,"column":30},"end":{"line":43,"column":1}},"3":{"start":{"line":8,"column":2},"end":{"line":42,"column":3}},"4":{"start":{"line":9,"column":77},"end":{"line":9,"column":85}},"5":{"start":{"line":12,"column":20},"end":{"line":12,"column":53}},"6":{"start":{"line":13,"column":4},"end":{"line":16,"column":5}},"7":{"start":{"line":14,"column":6},"end":{"line":14,"column":60}},"8":{"start":{"line":15,"column":6},"end":{"line":15,"column":13}},"9":{"start":{"line":19,"column":29},"end":{"line":19,"column":73}},"10":{"start":{"line":20,"column":4},"end":{"line":23,"column":5}},"11":{"start":{"line":21,"column":6},"end":{"line":21,"column":65}},"12":{"start":{"line":22,"column":6},"end":{"line":22,"column":13}},"13":{"start":{"line":25,"column":21},"end":{"line":33,"column":6}},"14":{"start":{"line":35,"column":4},"end":{"line":38,"column":7}},"15":{"start":{"line":40,"column":4},"end":{"line":40,"column":54}},"16":{"start":{"line":41,"column":4},"end":{"line":41,"column":54}},"17":{"start":{"line":7,"column":13},"end":{"line":7,"column":30}},"18":{"start":{"line":46,"column":28},"end":{"line":72,"column":1}},"19":{"start":{"line":47,"column":2},"end":{"line":71,"column":3}},"20":{"start":{"line":48,"column":26},"end":{"line":48,"column":35}},"21":{"start":{"line":50,"column":27},"end":{"line":50,"column":45}},"22":{"start":{"line":53,"column":4},"end":{"line":55,"column":5}},"23":{"start":{"line":54,"column":6},"end":{"line":54,"column":40}},"24":{"start":{"line":57,"column":22},"end":{"line":65,"column":6}},"25":{"start":{"line":67,"column":4},"end":{"line":67,"column":24}},"26":{"start":{"line":69,"column":4},"end":{"line":69,"column":56}},"27":{"start":{"line":70,"column":4},"end":{"line":70,"column":54}},"28":{"start":{"line":46,"column":13},"end":{"line":46,"column":28}},"29":{"start":{"line":75,"column":30},"end":{"line":114,"column":1}},"30":{"start":{"line":76,"column":2},"end":{"line":113,"column":3}},"31":{"start":{"line":77,"column":19},"end":{"line":77,"column":29}},"32":{"start":{"line":78,"column":18},"end":{"line":78,"column":48}},"33":{"start":{"line":79,"column":76},"end":{"line":79,"column":84}},"34":{"start":{"line":81,"column":21},"end":{"line":81,"column":51}},"35":{"start":{"line":82,"column":4},"end":{"line":85,"column":5}},"36":{"start":{"line":83,"column":6},"end":{"line":83,"column":61}},"37":{"start":{"line":84,"column":6},"end":{"line":84,"column":13}},"38":{"start":{"line":88,"column":4},"end":{"line":94,"column":5}},"39":{"start":{"line":89,"column":31},"end":{"line":89,"column":75}},"40":{"start":{"line":90,"column":6},"end":{"line":93,"column":7}},"41":{"start":{"line":91,"column":8},"end":{"line":91,"column":67}},"42":{"start":{"line":92,"column":8},"end":{"line":92,"column":15}},"43":{"start":{"line":96,"column":4},"end":{"line":104,"column":7}},"44":{"start":{"line":106,"column":4},"end":{"line":109,"column":7}},"45":{"start":{"line":111,"column":4},"end":{"line":111,"column":55}},"46":{"start":{"line":112,"column":4},"end":{"line":112,"column":54}},"47":{"start":{"line":75,"column":13},"end":{"line":75,"column":30}},"48":{"start":{"line":117,"column":30},"end":{"line":135,"column":1}},"49":{"start":{"line":118,"column":2},"end":{"line":134,"column":3}},"50":{"start":{"line":119,"column":19},"end":{"line":119,"column":29}},"51":{"start":{"line":120,"column":18},"end":{"line":120,"column":48}},"52":{"start":{"line":122,"column":21},"end":{"line":122,"column":51}},"53":{"start":{"line":123,"column":4},"end":{"line":126,"column":5}},"54":{"start":{"line":124,"column":6},"end":{"line":124,"column":61}},"55":{"start":{"line":125,"column":6},"end":{"line":125,"column":13}},"56":{"start":{"line":128,"column":4},"end":{"line":128,"column":47}},"57":{"start":{"line":130,"column":4},"end":{"line":130,"column":46}},"58":{"start":{"line":132,"column":4},"end":{"line":132,"column":50}},"59":{"start":{"line":133,"column":4},"end":{"line":133,"column":54}},"60":{"start":{"line":117,"column":13},"end":{"line":117,"column":30}}},"fnMap":{"0":{"name":"(anonymous_1)","decl":{"start":{"line":7,"column":30},"end":{"line":7,"column":35}},"loc":{"start":{"line":7,"column":87},"end":{"line":43,"column":1}}},"1":{"name":"(anonymous_2)","decl":{"start":{"line":46,"column":28},"end":{"line":46,"column":33}},"loc":{"start":{"line":46,"column":85},"end":{"line":72,"column":1}}},"2":{"name":"(anonymous_3)","decl":{"start":{"line":75,"column":30},"end":{"line":75,"column":35}},"loc":{"start":{"line":75,"column":87},"end":{"line":114,"column":1}}},"3":{"name":"(anonymous_4)","decl":{"start":{"line":117,"column":30},"end":{"line":117,"column":35}},"loc":{"start":{"line":117,"column":87},"end":{"line":135,"column":1}}}},"branchMap":{"0":{"loc":{"start":{"line":13,"column":4},"end":{"line":16,"column":5}},"type":"if","locations":[{"start":{"line":13,"column":4},"end":{"line":16,"column":5}}]},"1":{"loc":{"start":{"line":20,"column":4},"end":{"line":23,"column":5}},"type":"if","locations":[{"start":{"line":20,"column":4},"end":{"line":23,"column":5}}]},"2":{"loc":{"start":{"line":53,"column":4},"end":{"line":55,"column":5}},"type":"if","locations":[{"start":{"line":53,"column":4},"end":{"line":55,"column":5}}]},"3":{"loc":{"start":{"line":78,"column":18},"end":{"line":78,"column":48}},"type":"cond-expr","locations":[{"start":{"line":78,"column":38},"end":{"line":78,"column":43}},{"start":{"line":78,"column":46},"end":{"line":78,"column":48}}]},"4":{"loc":{"start":{"line":82,"column":4},"end":{"line":85,"column":5}},"type":"if","locations":[{"start":{"line":82,"column":4},"end":{"line":85,"column":5}}]},"5":{"loc":{"start":{"line":88,"column":4},"end":{"line":94,"column":5}},"type":"if","locations":[{"start":{"line":88,"column":4},"end":{"line":94,"column":5}}]},"6":{"loc":{"start":{"line":88,"column":8},"end":{"line":88,"column":41}},"type":"binary-expr","locations":[{"start":{"line":88,"column":8},"end":{"line":88,"column":13}},{"start":{"line":88,"column":17},"end":{"line":88,"column":41}}]},"7":{"loc":{"start":{"line":90,"column":6},"end":{"line":93,"column":7}},"type":"if","locations":[{"start":{"line":90,"column":6},"end":{"line":93,"column":7}}]},"8":{"loc":{"start":{"line":120,"column":18},"end":{"line":120,"column":48}},"type":"cond-expr","locations":[{"start":{"line":120,"column":38},"end":{"line":120,"column":43}},{"start":{"line":120,"column":46},"end":{"line":120,"column":48}}]},"9":{"loc":{"start":{"line":123,"column":4},"end":{"line":126,"column":5}},"type":"if","locations":[{"start":{"line":123,"column":4},"end":{"line":126,"column":5}}]}},"s":{"0":3,"1":3,"2":3,"3":0,"4":0,"5":0,"6":0,"7":0,"8":0,"9":0,"10":0,"11":0,"12":0,"13":0,"14":0,"15":0,"16":0,"17":3,"18":3,"19":0,"20":0,"21":0,"22":0,"23":0,"24":0,"25":0,"26":0,"27":0,"28":3,"29":3,"30":0,"31":0,"32":0,"33":0,"34":0,"35":0,"36":0,"37":0,"38":0,"39":0,"40":0,"41":0,"42":0,"43":0,"44":0,"45":0,"46":0,"47":3,"48":3,"49":0,"50":0,"51":0,"52":0,"53":0,"54":0,"55":0,"56":0,"57":0,"58":0,"59":0,"60":3},"f":{"0":0,"1":0,"2":0,"3":0},"b":{"0":[0],"1":[0],"2":[0],"3":[0,0],"4":[0],"5":[0],"6":[0,0],"7":[0],"8":[0,0],"9":[0]}}
,"/Users/metehansimsek/smart-sensor-system/backend/src/controllers/logController.ts": {"path":"/Users/metehansimsek/smart-sensor-system/backend/src/controllers/logController.ts","statementMap":{"0":{"start":{"line":2,"column":0},"end":{"line":2,"column":40}},"1":{"start":{"line":3,"column":0},"end":{"line":3,"column":34}},"2":{"start":{"line":5,"column":0},"end":{"line":5,"column":42}},"3":{"start":{"line":6,"column":0},"end":{"line":6,"column":31}},"4":{"start":{"line":8,"column":25},"end":{"line":23,"column":1}},"5":{"start":{"line":9,"column":2},"end":{"line":22,"column":3}},"6":{"start":{"line":10,"column":33},"end":{"line":10,"column":41}},"7":{"start":{"line":12,"column":4},"end":{"line":17,"column":7}},"8":{"start":{"line":19,"column":4},"end":{"line":19,"column":57}},"9":{"start":{"line":21,"column":4},"end":{"line":21,"column":54}},"10":{"start":{"line":8,"column":13},"end":{"line":8,"column":25}},"11":{"start":{"line":25,"column":23},"end":{"line":61,"column":1}},"12":{"start":{"line":26,"column":2},"end":{"line":60,"column":3}},"13":{"start":{"line":27,"column":63},"end":{"line":27,"column":72}},"14":{"start":{"line":28,"column":23},"end":{"line":28,"column":25}},"15":{"start":{"line":30,"column":4},"end":{"line":32,"column":5}},"16":{"start":{"line":31,"column":6},"end":{"line":31,"column":34}},"17":{"start":{"line":34,"column":4},"end":{"line":36,"column":5}},"18":{"start":{"line":35,"column":6},"end":{"line":35,"column":28}},"19":{"start":{"line":37,"column":4},"end":{"line":37,"column":38}},"20":{"start":{"line":37,"column":16},"end":{"line":37,"column":38}},"21":{"start":{"line":38,"column":4},"end":{"line":42,"column":5}},"22":{"start":{"line":39,"column":6},"end":{"line":39,"column":27}},"23":{"start":{"line":40,"column":6},"end":{"line":40,"column":77}},"24":{"start":{"line":40,"column":21},"end":{"line":40,"column":77}},"25":{"start":{"line":41,"column":6},"end":{"line":41,"column":73}},"26":{"start":{"line":41,"column":19},"end":{"line":41,"column":73}},"27":{"start":{"line":44,"column":17},"end":{"line":48,"column":6}},"28":{"start":{"line":50,"column":4},"end":{"line":55,"column":7}},"29":{"start":{"line":57,"column":4},"end":{"line":57,"column":19}},"30":{"start":{"line":59,"column":4},"end":{"line":59,"column":54}},"31":{"start":{"line":25,"column":13},"end":{"line":25,"column":23}},"32":{"start":{"line":63,"column":31},"end":{"line":139,"column":1}},"33":{"start":{"line":64,"column":2},"end":{"line":138,"column":3}},"34":{"start":{"line":65,"column":17},"end":{"line":67,"column":6}},"35":{"start":{"line":69,"column":58},"end":{"line":69,"column":60}},"36":{"start":{"line":70,"column":4},"end":{"line":70,"column":59}},"37":{"start":{"line":70,"column":17},"end":{"line":70,"column":18}},"38":{"start":{"line":70,"column":33},"end":{"line":70,"column":59}},"39":{"start":{"line":71,"column":4},"end":{"line":74,"column":7}},"40":{"start":{"line":72,"column":19},"end":{"line":72,"column":53}},"41":{"start":{"line":73,"column":6},"end":{"line":73,"column":69}},"42":{"start":{"line":76,"column":57},"end":{"line":76,"column":59}},"43":{"start":{"line":77,"column":4},"end":{"line":80,"column":7}},"44":{"start":{"line":78,"column":18},"end":{"line":78,"column":69}},"45":{"start":{"line":79,"column":6},"end":{"line":79,"column":65}},"46":{"start":{"line":82,"column":52},"end":{"line":82,"column":54}},"47":{"start":{"line":83,"column":4},"end":{"line":85,"column":7}},"48":{"start":{"line":84,"column":6},"end":{"line":84,"column":69}},"49":{"start":{"line":87,"column":20},"end":{"line":87,"column":45}},"50":{"start":{"line":88,"column":18},"end":{"line":91,"column":6}},"51":{"start":{"line":93,"column":20},"end":{"line":96,"column":36}},"52":{"start":{"line":94,"column":6},"end":{"line":94,"column":31}},"53":{"start":{"line":95,"column":6},"end":{"line":95,"column":17}},"54":{"start":{"line":98,"column":21},"end":{"line":105,"column":9}},"55":{"start":{"line":99,"column":22},"end":{"line":99,"column":33}},"56":{"start":{"line":101,"column":33},"end":{"line":105,"column":8}},"57":{"start":{"line":107,"column":24},"end":{"line":107,"column":56}},"58":{"start":{"line":108,"column":16},"end":{"line":108,"column":82}},"59":{"start":{"line":108,"column":45},"end":{"line":108,"column":50}},"60":{"start":{"line":109,"column":18},"end":{"line":109,"column":56}},"61":{"start":{"line":110,"column":23},"end":{"line":110,"column":52}},"62":{"start":{"line":111,"column":22},"end":{"line":111,"column":42}},"63":{"start":{"line":113,"column":25},"end":{"line":113,"column":58}},"64":{"start":{"line":114,"column":22},"end":{"line":117,"column":6}},"65":{"start":{"line":115,"column":21},"end":{"line":115,"column":66}},"66":{"start":{"line":116,"column":6},"end":{"line":116,"column":75}},"67":{"start":{"line":116,"column":48},"end":{"line":116,"column":53}},"68":{"start":{"line":119,"column":23},"end":{"line":119,"column":83}},"69":{"start":{"line":119,"column":55},"end":{"line":119,"column":81}},"70":{"start":{"line":121,"column":4},"end":{"line":135,"column":7}},"71":{"start":{"line":137,"column":4},"end":{"line":137,"column":54}},"72":{"start":{"line":63,"column":13},"end":{"line":63,"column":31}}},"fnMap":{"0":{"name":"(anonymous_1)","decl":{"start":{"line":8,"column":25},"end":{"line":8,"column":30}},"loc":{"start":{"line":8,"column":82},"end":{"line":23,"column":1}}},"1":{"name":"(anonymous_2)","decl":{"start":{"line":25,"column":23},"end":{"line":25,"column":28}},"loc":{"start":{"line":25,"column":80},"end":{"line":61,"column":1}}},"2":{"name":"(anonymous_3)","decl":{"start":{"line":63,"column":31},"end":{"line":63,"column":36}},"loc":{"start":{"line":63,"column":88},"end":{"line":139,"column":1}}},"3":{"name":"(anonymous_4)","decl":{"start":{"line":71,"column":17},"end":{"line":71,"column":20}},"loc":{"start":{"line":71,"column":23},"end":{"line":74,"column":5}}},"4":{"name":"(anonymous_5)","decl":{"start":{"line":77,"column":17},"end":{"line":77,"column":20}},"loc":{"start":{"line":77,"column":23},"end":{"line":80,"column":5}}},"5":{"name":"(anonymous_6)","decl":{"start":{"line":83,"column":17},"end":{"line":83,"column":20}},"loc":{"start":{"line":83,"column":23},"end":{"line":85,"column":5}}},"6":{"name":"(anonymous_7)","decl":{"start":{"line":93,"column":33},"end":{"line":93,"column":34}},"loc":{"start":{"line":93,"column":76},"end":{"line":96,"column":5}}},"7":{"name":"(anonymous_8)","decl":{"start":{"line":99,"column":12},"end":{"line":99,"column":13}},"loc":{"start":{"line":99,"column":22},"end":{"line":99,"column":33}}},"8":{"name":"(anonymous_9)","decl":{"start":{"line":101,"column":11},"end":{"line":101,"column":12}},"loc":{"start":{"line":101,"column":33},"end":{"line":105,"column":8}}},"9":{"name":"(anonymous_10)","decl":{"start":{"line":108,"column":35},"end":{"line":108,"column":36}},"loc":{"start":{"line":108,"column":45},"end":{"line":108,"column":50}}},"10":{"name":"(anonymous_11)","decl":{"start":{"line":114,"column":39},"end":{"line":114,"column":40}},"loc":{"start":{"line":114,"column":48},"end":{"line":117,"column":5}}},"11":{"name":"(anonymous_12)","decl":{"start":{"line":116,"column":38},"end":{"line":116,"column":39}},"loc":{"start":{"line":116,"column":48},"end":{"line":116,"column":53}}},"12":{"name":"(anonymous_13)","decl":{"start":{"line":119,"column":37},"end":{"line":119,"column":38}},"loc":{"start":{"line":119,"column":55},"end":{"line":119,"column":81}}}},"branchMap":{"0":{"loc":{"start":{"line":27,"column":48},"end":{"line":27,"column":58}},"type":"default-arg","locations":[{"start":{"line":27,"column":56},"end":{"line":27,"column":58}}]},"1":{"loc":{"start":{"line":30,"column":4},"end":{"line":32,"column":5}},"type":"if","locations":[{"start":{"line":30,"column":4},"end":{"line":32,"column":5}}]},"2":{"loc":{"start":{"line":34,"column":4},"end":{"line":36,"column":5}},"type":"if","locations":[{"start":{"line":34,"column":4},"end":{"line":36,"column":5}}]},"3":{"loc":{"start":{"line":34,"column":8},"end":{"line":34,"column":58}},"type":"binary-expr","locations":[{"start":{"line":34,"column":8},"end":{"line":34,"column":14}},{"start":{"line":34,"column":18},"end":{"line":34,"column":58}}]},"4":{"loc":{"start":{"line":37,"column":4},"end":{"line":37,"column":38}},"type":"if","locations":[{"start":{"line":37,"column":4},"end":{"line":37,"column":38}}]},"5":{"loc":{"start":{"line":38,"column":4},"end":{"line":42,"column":5}},"type":"if","locations":[{"start":{"line":38,"column":4},"end":{"line":42,"column":5}}]},"6":{"loc":{"start":{"line":38,"column":8},"end":{"line":38,"column":28}},"type":"binary-expr","locations":[{"start":{"line":38,"column":8},"end":{"line":38,"column":17}},{"start":{"line":38,"column":21},"end":{"line":38,"column":28}}]},"7":{"loc":{"start":{"line":40,"column":6},"end":{"line":40,"column":77}},"type":"if","locations":[{"start":{"line":40,"column":6},"end":{"line":40,"column":77}}]},"8":{"loc":{"start":{"line":41,"column":6},"end":{"line":41,"column":73}},"type":"if","locations":[{"start":{"line":41,"column":6},"end":{"line":41,"column":73}}]},"9":{"loc":{"start":{"line":73,"column":34},"end":{"line":73,"column":63}},"type":"binary-expr","locations":[{"start":{"line":73,"column":34},"end":{"line":73,"column":58}},{"start":{"line":73,"column":62},"end":{"line":73,"column":63}}]},"10":{"loc":{"start":{"line":79,"column":32},"end":{"line":79,"column":59}},"type":"binary-expr","locations":[{"start":{"line":79,"column":32},"end":{"line":79,"column":54}},{"start":{"line":79,"column":58},"end":{"line":79,"column":59}}]},"11":{"loc":{"start":{"line":84,"column":34},"end":{"line":84,"column":63}},"type":"binary-expr","locations":[{"start":{"line":84,"column":34},"end":{"line":84,"column":58}},{"start":{"line":84,"column":62},"end":{"line":84,"column":63}}]},"12":{"loc":{"start":{"line":103,"column":18},"end":{"line":103,"column":59}},"type":"binary-expr","locations":[{"start":{"line":103,"column":18},"end":{"line":103,"column":33}},{"start":{"line":103,"column":37},"end":{"line":103,"column":59}}]},"13":{"loc":{"start":{"line":108,"column":58},"end":{"line":108,"column":81}},"type":"binary-expr","locations":[{"start":{"line":108,"column":58},"end":{"line":108,"column":76}},{"start":{"line":108,"column":80},"end":{"line":108,"column":81}}]},"14":{"loc":{"start":{"line":110,"column":23},"end":{"line":110,"column":52}},"type":"binary-expr","locations":[{"start":{"line":110,"column":23},"end":{"line":110,"column":47}},{"start":{"line":110,"column":51},"end":{"line":110,"column":52}}]},"15":{"loc":{"start":{"line":130,"column":17},"end":{"line":132,"column":40}},"type":"cond-expr","locations":[{"start":{"line":131,"column":12},"end":{"line":131,"column":106}},{"start":{"line":132,"column":12},"end":{"line":132,"column":40}}]}},"s":{"0":3,"1":3,"2":3,"3":3,"4":3,"5":0,"6":0,"7":0,"8":0,"9":0,"10":3,"11":3,"12":0,"13":0,"14":0,"15":0,"16":0,"17":0,"18":0,"19":0,"20":0,"21":0,"22":0,"23":0,"24":0,"25":0,"26":0,"27":0,"28":0,"29":0,"30":0,"31":3,"32":3,"33":0,"34":0,"35":0,"36":0,"37":0,"38":0,"39":0,"40":0,"41":0,"42":0,"43":0,"44":0,"45":0,"46":0,"47":0,"48":0,"49":0,"50":0,"51":0,"52":0,"53":0,"54":0,"55":0,"56":0,"57":0,"58":0,"59":0,"60":0,"61":0,"62":0,"63":0,"64":0,"65":0,"66":0,"67":0,"68":0,"69":0,"70":0,"71":0,"72":3},"f":{"0":0,"1":0,"2":0,"3":0,"4":0,"5":0,"6":0,"7":0,"8":0,"9":0,"10":0,"11":0,"12":0},"b":{"0":[0],"1":[0],"2":[0],"3":[0,0],"4":[0],"5":[0],"6":[0,0],"7":[0],"8":[0],"9":[0,0],"10":[0,0],"11":[0,0],"12":[0,0],"13":[0,0],"14":[0,0],"15":[0,0]}}
,"/Users/metehansimsek/smart-sensor-system/backend/src/controllers/sensorController.ts": {"path":"/Users/metehansimsek/smart-sensor-system/backend/src/controllers/sensorController.ts","statementMap":{"0":{"start":{"line":2,"column":0},"end":{"line":2,"column":55}},"1":{"start":{"line":3,"column":0},"end":{"line":3,"column":38}},"2":{"start":{"line":4,"column":0},"end":{"line":4,"column":46}},"3":{"start":{"line":6,"column":0},"end":{"line":6,"column":42}},"4":{"start":{"line":8,"column":21},"end":{"line":11,"column":2}},"5":{"start":{"line":13,"column":17},"end":{"line":13,"column":83}},"6":{"start":{"line":15,"column":26},"end":{"line":36,"column":1}},"7":{"start":{"line":16,"column":2},"end":{"line":35,"column":3}},"8":{"start":{"line":17,"column":4},"end":{"line":21,"column":5}},"9":{"start":{"line":18,"column":22},"end":{"line":18,"column":73}},"10":{"start":{"line":19,"column":6},"end":{"line":19,"column":24}},"11":{"start":{"line":20,"column":6},"end":{"line":20,"column":13}},"12":{"start":{"line":23,"column":24},"end":{"line":23,"column":85}},"13":{"start":{"line":24,"column":22},"end":{"line":24,"column":56}},"14":{"start":{"line":24,"column":44},"end":{"line":24,"column":55}},"15":{"start":{"line":26,"column":4},"end":{"line":29,"column":5}},"16":{"start":{"line":27,"column":6},"end":{"line":27,"column":19}},"17":{"start":{"line":28,"column":6},"end":{"line":28,"column":13}},"18":{"start":{"line":31,"column":20},"end":{"line":31,"column":86}},"19":{"start":{"line":32,"column":4},"end":{"line":32,"column":22}},"20":{"start":{"line":34,"column":4},"end":{"line":34,"column":54}},"21":{"start":{"line":15,"column":13},"end":{"line":15,"column":26}},"22":{"start":{"line":38,"column":28},"end":{"line":51,"column":1}},"23":{"start":{"line":39,"column":2},"end":{"line":50,"column":3}},"24":{"start":{"line":40,"column":48},"end":{"line":40,"column":56}},"25":{"start":{"line":41,"column":21},"end":{"line":41,"column":66}},"26":{"start":{"line":42,"column":4},"end":{"line":45,"column":5}},"27":{"start":{"line":43,"column":6},"end":{"line":43,"column":69}},"28":{"start":{"line":44,"column":6},"end":{"line":44,"column":13}},"29":{"start":{"line":46,"column":19},"end":{"line":46,"column":75}},"30":{"start":{"line":47,"column":4},"end":{"line":47,"column":33}},"31":{"start":{"line":49,"column":4},"end":{"line":49,"column":54}},"32":{"start":{"line":38,"column":13},"end":{"line":38,"column":28}},"33":{"start":{"line":53,"column":29},"end":{"line":81,"column":1}},"34":{"start":{"line":54,"column":2},"end":{"line":80,"column":3}},"35":{"start":{"line":55,"column":25},"end":{"line":55,"column":35}},"36":{"start":{"line":56,"column":29},"end":{"line":56,"column":38}},"37":{"start":{"line":58,"column":22},"end":{"line":66,"column":6}},"38":{"start":{"line":68,"column":24},"end":{"line":68,"column":26}},"39":{"start":{"line":69,"column":4},"end":{"line":75,"column":7}},"40":{"start":{"line":70,"column":6},"end":{"line":74,"column":9}},"41":{"start":{"line":71,"column":31},"end":{"line":71,"column":66}},"42":{"start":{"line":72,"column":23},"end":{"line":72,"column":37}},"43":{"start":{"line":73,"column":21},"end":{"line":73,"column":31}},"44":{"start":{"line":77,"column":4},"end":{"line":77,"column":19}},"45":{"start":{"line":79,"column":4},"end":{"line":79,"column":54}},"46":{"start":{"line":53,"column":13},"end":{"line":53,"column":29}},"47":{"start":{"line":83,"column":28},"end":{"line":91,"column":1}},"48":{"start":{"line":84,"column":2},"end":{"line":90,"column":3}},"49":{"start":{"line":85,"column":19},"end":{"line":85,"column":29}},"50":{"start":{"line":86,"column":4},"end":{"line":86,"column":64}},"51":{"start":{"line":87,"column":4},"end":{"line":87,"column":45}},"52":{"start":{"line":89,"column":4},"end":{"line":89,"column":54}},"53":{"start":{"line":83,"column":13},"end":{"line":83,"column":28}},"54":{"start":{"line":93,"column":30},"end":{"line":107,"column":1}},"55":{"start":{"line":94,"column":2},"end":{"line":106,"column":3}},"56":{"start":{"line":95,"column":23},"end":{"line":95,"column":33}},"57":{"start":{"line":96,"column":4},"end":{"line":99,"column":5}},"58":{"start":{"line":97,"column":6},"end":{"line":97,"column":58}},"59":{"start":{"line":98,"column":6},"end":{"line":98,"column":13}},"60":{"start":{"line":100,"column":24},"end":{"line":100,"column":71}},"61":{"start":{"line":101,"column":22},"end":{"line":101,"column":56}},"62":{"start":{"line":101,"column":44},"end":{"line":101,"column":55}},"63":{"start":{"line":102,"column":20},"end":{"line":102,"column":86}},"64":{"start":{"line":103,"column":4},"end":{"line":103,"column":22}},"65":{"start":{"line":105,"column":4},"end":{"line":105,"column":54}},"66":{"start":{"line":93,"column":13},"end":{"line":93,"column":30}}},"fnMap":{"0":{"name":"(anonymous_1)","decl":{"start":{"line":15,"column":26},"end":{"line":15,"column":31}},"loc":{"start":{"line":15,"column":83},"end":{"line":36,"column":1}}},"1":{"name":"(anonymous_2)","decl":{"start":{"line":24,"column":38},"end":{"line":24,"column":40}},"loc":{"start":{"line":24,"column":44},"end":{"line":24,"column":55}}},"2":{"name":"(anonymous_3)","decl":{"start":{"line":38,"column":28},"end":{"line":38,"column":33}},"loc":{"start":{"line":38,"column":85},"end":{"line":51,"column":1}}},"3":{"name":"(anonymous_4)","decl":{"start":{"line":53,"column":29},"end":{"line":53,"column":34}},"loc":{"start":{"line":53,"column":86},"end":{"line":81,"column":1}}},"4":{"name":"(anonymous_5)","decl":{"start":{"line":69,"column":28},"end":{"line":69,"column":29}},"loc":{"start":{"line":69,"column":48},"end":{"line":75,"column":5}}},"5":{"name":"(anonymous_6)","decl":{"start":{"line":71,"column":8},"end":{"line":71,"column":12}},"loc":{"start":{"line":71,"column":27},"end":{"line":71,"column":68}}},"6":{"name":"(anonymous_7)","decl":{"start":{"line":72,"column":8},"end":{"line":72,"column":13}},"loc":{"start":{"line":72,"column":19},"end":{"line":72,"column":39}}},"7":{"name":"(anonymous_8)","decl":{"start":{"line":73,"column":8},"end":{"line":73,"column":16}},"loc":{"start":{"line":73,"column":16},"end":{"line":73,"column":33}}},"8":{"name":"(anonymous_9)","decl":{"start":{"line":83,"column":28},"end":{"line":83,"column":33}},"loc":{"start":{"line":83,"column":85},"end":{"line":91,"column":1}}},"9":{"name":"(anonymous_10)","decl":{"start":{"line":93,"column":30},"end":{"line":93,"column":35}},"loc":{"start":{"line":93,"column":87},"end":{"line":107,"column":1}}},"10":{"name":"(anonymous_11)","decl":{"start":{"line":101,"column":38},"end":{"line":101,"column":40}},"loc":{"start":{"line":101,"column":44},"end":{"line":101,"column":55}}}},"branchMap":{"0":{"loc":{"start":{"line":9,"column":7},"end":{"line":9,"column":58}},"type":"binary-expr","locations":[{"start":{"line":9,"column":7},"end":{"line":9,"column":31}},{"start":{"line":9,"column":35},"end":{"line":9,"column":58}}]},"1":{"loc":{"start":{"line":10,"column":9},"end":{"line":10,"column":41}},"type":"binary-expr","locations":[{"start":{"line":10,"column":9},"end":{"line":10,"column":35}},{"start":{"line":10,"column":39},"end":{"line":10,"column":41}}]},"2":{"loc":{"start":{"line":13,"column":42},"end":{"line":13,"column":82}},"type":"binary-expr","locations":[{"start":{"line":13,"column":42},"end":{"line":13,"column":66}},{"start":{"line":13,"column":70},"end":{"line":13,"column":82}}]},"3":{"loc":{"start":{"line":17,"column":4},"end":{"line":21,"column":5}},"type":"if","locations":[{"start":{"line":17,"column":4},"end":{"line":21,"column":5}}]},"4":{"loc":{"start":{"line":26,"column":4},"end":{"line":29,"column":5}},"type":"if","locations":[{"start":{"line":26,"column":4},"end":{"line":29,"column":5}}]},"5":{"loc":{"start":{"line":42,"column":4},"end":{"line":45,"column":5}},"type":"if","locations":[{"start":{"line":42,"column":4},"end":{"line":45,"column":5}}]},"6":{"loc":{"start":{"line":56,"column":12},"end":{"line":56,"column":24}},"type":"default-arg","locations":[{"start":{"line":56,"column":20},"end":{"line":56,"column":24}}]},"7":{"loc":{"start":{"line":96,"column":4},"end":{"line":99,"column":5}},"type":"if","locations":[{"start":{"line":96,"column":4},"end":{"line":99,"column":5}}]},"8":{"loc":{"start":{"line":96,"column":8},"end":{"line":96,"column":66}},"type":"binary-expr","locations":[{"start":{"line":96,"column":8},"end":{"line":96,"column":40}},{"start":{"line":96,"column":44},"end":{"line":96,"column":66}}]}},"s":{"0":3,"1":3,"2":3,"3":3,"4":3,"5":3,"6":3,"7":0,"8":0,"9":0,"10":0,"11":0,"12":0,"13":0,"14":0,"15":0,"16":0,"17":0,"18":0,"19":0,"20":0,"21":3,"22":3,"23":0,"24":0,"25":0,"26":0,"27":0,"28":0,"29":0,"30":0,"31":0,"32":3,"33":3,"34":0,"35":0,"36":0,"37":0,"38":0,"39":0,"40":0,"41":0,"42":0,"43":0,"44":0,"45":0,"46":3,"47":3,"48":0,"49":0,"50":0,"51":0,"52":0,"53":3,"54":3,"55":0,"56":0,"57":0,"58":0,"59":0,"60":0,"61":0,"62":0,"63":0,"64":0,"65":0,"66":3},"f":{"0":0,"1":0,"2":0,"3":0,"4":0,"5":0,"6":0,"7":0,"8":0,"9":0,"10":0},"b":{"0":[3,0],"1":[3,0],"2":[3,0],"3":[0],"4":[0],"5":[0],"6":[0],"7":[0],"8":[0,0]}}
,"/Users/metehansimsek/smart-sensor-system/backend/src/controllers/userController.ts": {"path":"/Users/metehansimsek/smart-sensor-system/backend/src/controllers/userController.ts","statementMap":{"0":{"start":{"line":2,"column":0},"end":{"line":2,"column":48}},"1":{"start":{"line":5,"column":24},"end":{"line":23,"column":1}},"2":{"start":{"line":6,"column":2},"end":{"line":22,"column":3}},"3":{"start":{"line":7,"column":23},"end":{"line":7,"column":41}},"4":{"start":{"line":9,"column":4},"end":{"line":11,"column":5}},"5":{"start":{"line":10,"column":6},"end":{"line":10,"column":43}},"6":{"start":{"line":13,"column":18},"end":{"line":16,"column":6}},"7":{"start":{"line":18,"column":21},"end":{"line":18,"column":72}},"8":{"start":{"line":18,"column":39},"end":{"line":18,"column":71}},"9":{"start":{"line":19,"column":4},"end":{"line":19,"column":23}},"10":{"start":{"line":21,"column":4},"end":{"line":21,"column":54}},"11":{"start":{"line":5,"column":13},"end":{"line":5,"column":24}},"12":{"start":{"line":25,"column":26},"end":{"line":41,"column":1}},"13":{"start":{"line":26,"column":2},"end":{"line":40,"column":3}},"14":{"start":{"line":27,"column":19},"end":{"line":27,"column":29}},"15":{"start":{"line":28,"column":48},"end":{"line":28,"column":56}},"16":{"start":{"line":30,"column":17},"end":{"line":30,"column":48}},"17":{"start":{"line":31,"column":4},"end":{"line":34,"column":5}},"18":{"start":{"line":32,"column":6},"end":{"line":32,"column":63}},"19":{"start":{"line":33,"column":6},"end":{"line":33,"column":13}},"20":{"start":{"line":36,"column":4},"end":{"line":36,"column":59}},"21":{"start":{"line":37,"column":4},"end":{"line":37,"column":52}},"22":{"start":{"line":39,"column":4},"end":{"line":39,"column":54}},"23":{"start":{"line":25,"column":13},"end":{"line":25,"column":26}},"24":{"start":{"line":43,"column":26},"end":{"line":51,"column":1}},"25":{"start":{"line":44,"column":2},"end":{"line":50,"column":3}},"26":{"start":{"line":45,"column":19},"end":{"line":45,"column":29}},"27":{"start":{"line":46,"column":4},"end":{"line":46,"column":54}},"28":{"start":{"line":47,"column":4},"end":{"line":47,"column":48}},"29":{"start":{"line":49,"column":4},"end":{"line":49,"column":54}},"30":{"start":{"line":43,"column":13},"end":{"line":43,"column":26}}},"fnMap":{"0":{"name":"(anonymous_9)","decl":{"start":{"line":5,"column":24},"end":{"line":5,"column":29}},"loc":{"start":{"line":5,"column":81},"end":{"line":23,"column":1}}},"1":{"name":"(anonymous_10)","decl":{"start":{"line":18,"column":34},"end":{"line":18,"column":35}},"loc":{"start":{"line":18,"column":39},"end":{"line":18,"column":71}}},"2":{"name":"(anonymous_11)","decl":{"start":{"line":25,"column":26},"end":{"line":25,"column":31}},"loc":{"start":{"line":25,"column":83},"end":{"line":41,"column":1}}},"3":{"name":"(anonymous_12)","decl":{"start":{"line":43,"column":26},"end":{"line":43,"column":31}},"loc":{"start":{"line":43,"column":83},"end":{"line":51,"column":1}}}},"branchMap":{"0":{"loc":{"start":{"line":9,"column":4},"end":{"line":11,"column":5}},"type":"if","locations":[{"start":{"line":9,"column":4},"end":{"line":11,"column":5}}]},"1":{"loc":{"start":{"line":31,"column":4},"end":{"line":34,"column":5}},"type":"if","locations":[{"start":{"line":31,"column":4},"end":{"line":34,"column":5}}]}},"s":{"0":3,"1":3,"2":0,"3":0,"4":0,"5":0,"6":0,"7":0,"8":0,"9":0,"10":0,"11":3,"12":3,"13":0,"14":0,"15":0,"16":0,"17":0,"18":0,"19":0,"20":0,"21":0,"22":0,"23":3,"24":3,"25":0,"26":0,"27":0,"28":0,"29":0,"30":3},"f":{"0":0,"1":0,"2":0,"3":0},"b":{"0":[0],"1":[0]}}
,"/Users/metehansimsek/smart-sensor-system/backend/src/middlewares/auth.ts": {"path":"/Users/metehansimsek/smart-sensor-system/backend/src/middlewares/auth.ts","statementMap":{"0":{"start":{"line":2,"column":0},"end":{"line":2,"column":31}},"1":{"start":{"line":3,"column":0},"end":{"line":3,"column":42}},"2":{"start":{"line":14,"column":28},"end":{"line":50,"column":1}},"3":{"start":{"line":19,"column":2},"end":{"line":49,"column":3}},"4":{"start":{"line":20,"column":23},"end":{"line":20,"column":48}},"5":{"start":{"line":21,"column":19},"end":{"line":21,"column":53}},"6":{"start":{"line":24,"column":4},"end":{"line":30,"column":5}},"7":{"start":{"line":25,"column":19},"end":{"line":25,"column":47}},"8":{"start":{"line":26,"column":6},"end":{"line":29,"column":7}},"9":{"start":{"line":27,"column":8},"end":{"line":27,"column":24}},"10":{"start":{"line":28,"column":8},"end":{"line":28,"column":22}},"11":{"start":{"line":33,"column":4},"end":{"line":36,"column":5}},"12":{"start":{"line":34,"column":6},"end":{"line":34,"column":64}},"13":{"start":{"line":35,"column":6},"end":{"line":35,"column":13}},"14":{"start":{"line":38,"column":18},"end":{"line":38,"column":42}},"15":{"start":{"line":39,"column":20},"end":{"line":39,"column":null}},"16":{"start":{"line":45,"column":4},"end":{"line":45,"column":23}},"17":{"start":{"line":46,"column":4},"end":{"line":46,"column":11}},"18":{"start":{"line":48,"column":4},"end":{"line":48,"column":55}},"19":{"start":{"line":14,"column":13},"end":{"line":14,"column":28}},"20":{"start":{"line":53,"column":25},"end":{"line":65,"column":1}},"21":{"start":{"line":54,"column":2},"end":{"line":64,"column":4}},"22":{"start":{"line":55,"column":4},"end":{"line":58,"column":5}},"23":{"start":{"line":56,"column":6},"end":{"line":56,"column":64}},"24":{"start":{"line":57,"column":6},"end":{"line":57,"column":13}},"25":{"start":{"line":59,"column":4},"end":{"line":62,"column":5}},"26":{"start":{"line":60,"column":6},"end":{"line":60,"column":69}},"27":{"start":{"line":61,"column":6},"end":{"line":61,"column":13}},"28":{"start":{"line":63,"column":4},"end":{"line":63,"column":11}},"29":{"start":{"line":53,"column":13},"end":{"line":53,"column":25}},"30":{"start":{"line":68,"column":31},"end":{"line":77,"column":1}},"31":{"start":{"line":73,"column":2},"end":{"line":75,"column":3}},"32":{"start":{"line":74,"column":4},"end":{"line":74,"column":42}},"33":{"start":{"line":76,"column":2},"end":{"line":76,"column":9}},"34":{"start":{"line":68,"column":13},"end":{"line":68,"column":31}},"35":{"start":{"line":80,"column":23},"end":{"line":89,"column":1}},"36":{"start":{"line":81,"column":2},"end":{"line":88,"column":3}},"37":{"start":{"line":82,"column":17},"end":{"line":82,"column":50}},"38":{"start":{"line":83,"column":17},"end":{"line":83,"column":74}},"39":{"start":{"line":84,"column":4},"end":{"line":84,"column":27}},"40":{"start":{"line":84,"column":15},"end":{"line":84,"column":27}},"41":{"start":{"line":85,"column":4},"end":{"line":85,"column":71}},"42":{"start":{"line":87,"column":4},"end":{"line":87,"column":16}}},"fnMap":{"0":{"name":"(anonymous_1)","decl":{"start":{"line":14,"column":28},"end":{"line":14,"column":33}},"loc":{"start":{"line":18,"column":19},"end":{"line":50,"column":1}}},"1":{"name":"(anonymous_2)","decl":{"start":{"line":53,"column":25},"end":{"line":53,"column":26}},"loc":{"start":{"line":53,"column":50},"end":{"line":65,"column":1}}},"2":{"name":"(anonymous_3)","decl":{"start":{"line":54,"column":9},"end":{"line":54,"column":10}},"loc":{"start":{"line":54,"column":71},"end":{"line":64,"column":3}}},"3":{"name":"(anonymous_4)","decl":{"start":{"line":68,"column":31},"end":{"line":68,"column":null}},"loc":{"start":{"line":72,"column":10},"end":{"line":77,"column":1}}},"4":{"name":"(anonymous_5)","decl":{"start":{"line":80,"column":23},"end":{"line":80,"column":28}},"loc":{"start":{"line":80,"column":48},"end":{"line":89,"column":1}}}},"branchMap":{"0":{"loc":{"start":{"line":24,"column":4},"end":{"line":30,"column":5}},"type":"if","locations":[{"start":{"line":24,"column":4},"end":{"line":30,"column":5}}]},"1":{"loc":{"start":{"line":26,"column":6},"end":{"line":29,"column":7}},"type":"if","locations":[{"start":{"line":26,"column":6},"end":{"line":29,"column":7}}]},"2":{"loc":{"start":{"line":33,"column":4},"end":{"line":36,"column":5}},"type":"if","locations":[{"start":{"line":33,"column":4},"end":{"line":36,"column":5}}]},"3":{"loc":{"start":{"line":33,"column":8},"end":{"line":33,"column":56}},"type":"binary-expr","locations":[{"start":{"line":33,"column":8},"end":{"line":33,"column":19}},{"start":{"line":33,"column":23},"end":{"line":33,"column":56}}]},"4":{"loc":{"start":{"line":55,"column":4},"end":{"line":58,"column":5}},"type":"if","locations":[{"start":{"line":55,"column":4},"end":{"line":58,"column":5}}]},"5":{"loc":{"start":{"line":59,"column":4},"end":{"line":62,"column":5}},"type":"if","locations":[{"start":{"line":59,"column":4},"end":{"line":62,"column":5}}]},"6":{"loc":{"start":{"line":73,"column":2},"end":{"line":75,"column":3}},"type":"if","locations":[{"start":{"line":73,"column":2},"end":{"line":75,"column":3}}]},"7":{"loc":{"start":{"line":84,"column":4},"end":{"line":84,"column":27}},"type":"if","locations":[{"start":{"line":84,"column":4},"end":{"line":84,"column":27}}]}},"s":{"0":3,"1":3,"2":3,"3":6,"4":6,"5":6,"6":6,"7":0,"8":0,"9":0,"10":0,"11":6,"12":6,"13":6,"14":0,"15":0,"16":0,"17":0,"18":0,"19":3,"20":3,"21":54,"22":0,"23":0,"24":0,"25":0,"26":0,"27":0,"28":0,"29":3,"30":3,"31":0,"32":0,"33":0,"34":3,"35":3,"36":0,"37":0,"38":0,"39":0,"40":0,"41":0,"42":0},"f":{"0":6,"1":54,"2":0,"3":0,"4":0},"b":{"0":[0],"1":[0],"2":[6],"3":[6,0],"4":[0],"5":[0],"6":[0],"7":[0]}}
,"/Users/metehansimsek/smart-sensor-system/backend/src/models/Company.ts": {"path":"/Users/metehansimsek/smart-sensor-system/backend/src/models/Company.ts","statementMap":{"0":{"start":{"line":1,"column":0},"end":{"line":1,"column":55}},"1":{"start":{"line":2,"column":0},"end":{"line":2,"column":43}},"2":{"start":{"line":22,"column":0},"end":{"line":44,"column":3}},"3":{"start":{"line":46,"column":0},"end":{"line":46,"column":23}}},"fnMap":{},"branchMap":{},"s":{"0":3,"1":3,"2":3,"3":3},"f":{},"b":{}}
,"/Users/metehansimsek/smart-sensor-system/backend/src/models/Customer.ts": {"path":"/Users/metehansimsek/smart-sensor-system/backend/src/models/Customer.ts","statementMap":{"0":{"start":{"line":1,"column":0},"end":{"line":1,"column":55}},"1":{"start":{"line":2,"column":0},"end":{"line":2,"column":43}},"2":{"start":{"line":32,"column":0},"end":{"line":80,"column":3}},"3":{"start":{"line":82,"column":0},"end":{"line":82,"column":24}}},"fnMap":{},"branchMap":{},"s":{"0":3,"1":3,"2":3,"3":3},"f":{},"b":{}}
,"/Users/metehansimsek/smart-sensor-system/backend/src/models/Sensor.ts": {"path":"/Users/metehansimsek/smart-sensor-system/backend/src/models/Sensor.ts","statementMap":{"0":{"start":{"line":1,"column":0},"end":{"line":1,"column":55}},"1":{"start":{"line":2,"column":0},"end":{"line":2,"column":43}},"2":{"start":{"line":26,"column":0},"end":{"line":56,"column":3}},"3":{"start":{"line":58,"column":0},"end":{"line":58,"column":22}}},"fnMap":{},"branchMap":{},"s":{"0":3,"1":3,"2":3,"3":3},"f":{},"b":{}}
,"/Users/metehansimsek/smart-sensor-system/backend/src/models/User.ts": {"path":"/Users/metehansimsek/smart-sensor-system/backend/src/models/User.ts","statementMap":{"0":{"start":{"line":1,"column":0},"end":{"line":1,"column":55}},"1":{"start":{"line":2,"column":0},"end":{"line":2,"column":43}},"2":{"start":{"line":3,"column":0},"end":{"line":3,"column":30}},"3":{"start":{"line":5,"column":0},"end":{"line":5,"column":null}},"4":{"start":{"line":6,"column":2},"end":{"line":6,"column":null}},"5":{"start":{"line":7,"column":2},"end":{"line":7,"column":null}},"6":{"start":{"line":8,"column":2},"end":{"line":8,"column":null}},"7":{"start":{"line":36,"column":4},"end":{"line":36,"column":51}},"8":{"start":{"line":40,"column":0},"end":{"line":91,"column":3}},"9":{"start":{"line":83,"column":6},"end":{"line":83,"column":59}},"10":{"start":{"line":86,"column":6},"end":{"line":88,"column":7}},"11":{"start":{"line":87,"column":8},"end":{"line":87,"column":61}},"12":{"start":{"line":93,"column":0},"end":{"line":93,"column":20}}},"fnMap":{"0":{"name":"(anonymous_1)","decl":{"start":{"line":5,"column":0},"end":{"line":5,"column":12}},"loc":{"start":{"line":5,"column":20},"end":{"line":9,"column":1}}},"1":{"name":"(anonymous_2)","decl":{"start":{"line":35,"column":2},"end":{"line":35,"column":7}},"loc":{"start":{"line":35,"column":40},"end":{"line":37,"column":3}}},"2":{"name":"(anonymous_3)","decl":{"start":{"line":82,"column":18},"end":{"line":82,"column":23}},"loc":{"start":{"line":82,"column":33},"end":{"line":84,"column":5}}},"3":{"name":"(anonymous_4)","decl":{"start":{"line":85,"column":18},"end":{"line":85,"column":23}},"loc":{"start":{"line":85,"column":33},"end":{"line":89,"column":5}}}},"branchMap":{"0":{"loc":{"start":{"line":5,"column":12},"end":{"line":5,"column":null}},"type":"binary-expr","locations":[{"start":{"line":5,"column":12},"end":{"line":5,"column":20}},{"start":{"line":5,"column":20},"end":{"line":5,"column":null}}]},"1":{"loc":{"start":{"line":86,"column":6},"end":{"line":88,"column":7}},"type":"if","locations":[{"start":{"line":86,"column":6},"end":{"line":88,"column":7}}]}},"s":{"0":3,"1":3,"2":3,"3":3,"4":3,"5":3,"6":3,"7":0,"8":3,"9":0,"10":0,"11":0,"12":3},"f":{"0":3,"1":0,"2":0,"3":0},"b":{"0":[3,3],"1":[0]}}
,"/Users/metehansimsek/smart-sensor-system/backend/src/models/UserLog.ts": {"path":"/Users/metehansimsek/smart-sensor-system/backend/src/models/UserLog.ts","statementMap":{"0":{"start":{"line":1,"column":0},"end":{"line":1,"column":55}},"1":{"start":{"line":2,"column":0},"end":{"line":2,"column":43}},"2":{"start":{"line":22,"column":0},"end":{"line":47,"column":3}},"3":{"start":{"line":49,"column":0},"end":{"line":49,"column":23}}},"fnMap":{},"branchMap":{},"s":{"0":3,"1":3,"2":3,"3":3},"f":{},"b":{}}
,"/Users/metehansimsek/smart-sensor-system/backend/src/models/UserSensor.ts": {"path":"/Users/metehansimsek/smart-sensor-system/backend/src/models/UserSensor.ts","statementMap":{"0":{"start":{"line":1,"column":0},"end":{"line":1,"column":55}},"1":{"start":{"line":2,"column":0},"end":{"line":2,"column":43}},"2":{"start":{"line":20,"column":0},"end":{"line":37,"column":3}},"3":{"start":{"line":39,"column":0},"end":{"line":39,"column":26}}},"fnMap":{},"branchMap":{},"s":{"0":3,"1":3,"2":3,"3":3},"f":{},"b":{}}
,"/Users/metehansimsek/smart-sensor-system/backend/src/models/associations.ts": {"path":"/Users/metehansimsek/smart-sensor-system/backend/src/models/associations.ts","statementMap":{"0":{"start":{"line":1,"column":0},"end":{"line":1,"column":7}},"1":{"start":{"line":21,"column":9},"end":{"line":1,"column":32}},"2":{"start":{"line":2,"column":0},"end":{"line":2,"column":7}},"3":{"start":{"line":21,"column":18},"end":{"line":2,"column":34}},"4":{"start":{"line":3,"column":0},"end":{"line":3,"column":7}},"5":{"start":{"line":21,"column":28},"end":{"line":3,"column":26}},"6":{"start":{"line":4,"column":0},"end":{"line":4,"column":7}},"7":{"start":{"line":21,"column":34},"end":{"line":4,"column":30}},"8":{"start":{"line":5,"column":0},"end":{"line":5,"column":7}},"9":{"start":{"line":21,"column":42},"end":{"line":5,"column":32}},"10":{"start":{"line":6,"column":0},"end":{"line":6,"column":7}},"11":{"start":{"line":21,"column":51},"end":{"line":6,"column":38}},"12":{"start":{"line":9,"column":0},"end":{"line":12,"column":3}},"13":{"start":{"line":14,"column":0},"end":{"line":17,"column":3}}},"fnMap":{},"branchMap":{},"s":{"0":3,"1":3,"2":3,"3":3,"4":3,"5":3,"6":3,"7":3,"8":3,"9":3,"10":3,"11":3,"12":3,"13":3},"f":{},"b":{}}
,"/Users/metehansimsek/smart-sensor-system/backend/src/mqtt/subscriber.ts": {"path":"/Users/metehansimsek/smart-sensor-system/backend/src/mqtt/subscriber.ts","statementMap":{"0":{"start":{"line":1,"column":0},"end":{"line":1,"column":40}},"1":{"start":{"line":2,"column":0},"end":{"line":2,"column":62}},"2":{"start":{"line":4,"column":0},"end":{"line":4,"column":30}},"3":{"start":{"line":7,"column":15},"end":{"line":18,"column":2}},"4":{"start":{"line":20,"column":21},"end":{"line":23,"column":2}},"5":{"start":{"line":25,"column":17},"end":{"line":28,"column":null}},"6":{"start":{"line":38,"column":27},"end":{"line":45,"column":1}},"7":{"start":{"line":39,"column":2},"end":{"line":44,"column":4}},"8":{"start":{"line":47,"column":27},"end":{"line":113,"column":1}},"9":{"start":{"line":48,"column":17},"end":{"line":53,"column":4}},"10":{"start":{"line":55,"column":2},"end":{"line":64,"column":5}},"11":{"start":{"line":56,"column":4},"end":{"line":56,"column":53}},"12":{"start":{"line":57,"column":4},"end":{"line":63,"column":7}},"13":{"start":{"line":58,"column":6},"end":{"line":62,"column":7}},"14":{"start":{"line":59,"column":8},"end":{"line":59,"column":54}},"15":{"start":{"line":61,"column":8},"end":{"line":61,"column":62}},"16":{"start":{"line":66,"column":2},"end":{"line":98,"column":5}},"17":{"start":{"line":67,"column":4},"end":{"line":97,"column":5}},"18":{"start":{"line":68,"column":22},"end":{"line":68,"column":52}},"19":{"start":{"line":70,"column":6},"end":{"line":73,"column":7}},"20":{"start":{"line":71,"column":8},"end":{"line":71,"column":76}},"21":{"start":{"line":72,"column":8},"end":{"line":72,"column":15}},"22":{"start":{"line":75,"column":6},"end":{"line":75,"column":84}},"23":{"start":{"line":77,"column":20},"end":{"line":82,"column":54}},"24":{"start":{"line":84,"column":6},"end":{"line":84,"column":33}},"25":{"start":{"line":85,"column":6},"end":{"line":85,"column":29}},"26":{"start":{"line":87,"column":6},"end":{"line":93,"column":9}},"27":{"start":{"line":96,"column":6},"end":{"line":96,"column":68}},"28":{"start":{"line":100,"column":2},"end":{"line":102,"column":5}},"29":{"start":{"line":101,"column":4},"end":{"line":101,"column":51}},"30":{"start":{"line":104,"column":2},"end":{"line":106,"column":5}},"31":{"start":{"line":105,"column":4},"end":{"line":105,"column":49}},"32":{"start":{"line":108,"column":2},"end":{"line":110,"column":5}},"33":{"start":{"line":109,"column":4},"end":{"line":109,"column":46}},"34":{"start":{"line":112,"column":2},"end":{"line":112,"column":16}},"35":{"start":{"line":47,"column":13},"end":{"line":47,"column":27}}},"fnMap":{"0":{"name":"(anonymous_1)","decl":{"start":{"line":38,"column":27},"end":{"line":38,"column":28}},"loc":{"start":{"line":38,"column":61},"end":{"line":45,"column":1}}},"1":{"name":"(anonymous_2)","decl":{"start":{"line":47,"column":27},"end":{"line":47,"column":28}},"loc":{"start":{"line":47,"column":54},"end":{"line":113,"column":1}}},"2":{"name":"(anonymous_3)","decl":{"start":{"line":55,"column":23},"end":{"line":55,"column":26}},"loc":{"start":{"line":55,"column":28},"end":{"line":64,"column":3}}},"3":{"name":"(anonymous_4)","decl":{"start":{"line":57,"column":46},"end":{"line":57,"column":47}},"loc":{"start":{"line":57,"column":54},"end":{"line":63,"column":5}}},"4":{"name":"(anonymous_5)","decl":{"start":{"line":66,"column":23},"end":{"line":66,"column":28}},"loc":{"start":{"line":66,"column":64},"end":{"line":98,"column":3}}},"5":{"name":"(anonymous_6)","decl":{"start":{"line":100,"column":21},"end":{"line":100,"column":22}},"loc":{"start":{"line":100,"column":31},"end":{"line":102,"column":3}}},"6":{"name":"(anonymous_7)","decl":{"start":{"line":104,"column":25},"end":{"line":104,"column":28}},"loc":{"start":{"line":104,"column":30},"end":{"line":106,"column":3}}},"7":{"name":"(anonymous_8)","decl":{"start":{"line":108,"column":26},"end":{"line":108,"column":29}},"loc":{"start":{"line":108,"column":31},"end":{"line":110,"column":3}}}},"branchMap":{"0":{"loc":{"start":{"line":21,"column":7},"end":{"line":21,"column":58}},"type":"binary-expr","locations":[{"start":{"line":21,"column":7},"end":{"line":21,"column":31}},{"start":{"line":21,"column":35},"end":{"line":21,"column":58}}]},"1":{"loc":{"start":{"line":22,"column":9},"end":{"line":22,"column":41}},"type":"binary-expr","locations":[{"start":{"line":22,"column":9},"end":{"line":22,"column":35}},{"start":{"line":22,"column":39},"end":{"line":22,"column":41}}]},"2":{"loc":{"start":{"line":26,"column":2},"end":{"line":26,"column":42}},"type":"binary-expr","locations":[{"start":{"line":26,"column":2},"end":{"line":26,"column":26}},{"start":{"line":26,"column":30},"end":{"line":26,"column":42}}]},"3":{"loc":{"start":{"line":27,"column":2},"end":{"line":27,"column":48}},"type":"binary-expr","locations":[{"start":{"line":27,"column":2},"end":{"line":27,"column":29}},{"start":{"line":27,"column":33},"end":{"line":27,"column":48}}]},"4":{"loc":{"start":{"line":40,"column":4},"end":{"line":43,"column":37}},"type":"binary-expr","locations":[{"start":{"line":40,"column":4},"end":{"line":40,"column":38}},{"start":{"line":41,"column":4},"end":{"line":41,"column":38}},{"start":{"line":42,"column":4},"end":{"line":42,"column":40}},{"start":{"line":43,"column":4},"end":{"line":43,"column":37}}]},"5":{"loc":{"start":{"line":48,"column":30},"end":{"line":48,"column":84}},"type":"binary-expr","locations":[{"start":{"line":48,"column":30},"end":{"line":48,"column":57}},{"start":{"line":48,"column":61},"end":{"line":48,"column":84}}]},"6":{"loc":{"start":{"line":58,"column":6},"end":{"line":62,"column":7}},"type":"if","locations":[{"start":{"line":58,"column":6},"end":{"line":62,"column":7}},{"start":{"line":60,"column":13},"end":{"line":62,"column":7}}]},"7":{"loc":{"start":{"line":70,"column":6},"end":{"line":73,"column":7}},"type":"if","locations":[{"start":{"line":70,"column":6},"end":{"line":73,"column":7}}]}},"s":{"0":3,"1":3,"2":3,"3":3,"4":3,"5":3,"6":3,"7":0,"8":3,"9":0,"10":0,"11":0,"12":0,"13":0,"14":0,"15":0,"16":0,"17":0,"18":0,"19":0,"20":0,"21":0,"22":0,"23":0,"24":0,"25":0,"26":0,"27":0,"28":0,"29":0,"30":0,"31":0,"32":0,"33":0,"34":0,"35":3},"f":{"0":0,"1":0,"2":0,"3":0,"4":0,"5":0,"6":0,"7":0},"b":{"0":[3,0],"1":[3,0],"2":[3,0],"3":[3,0],"4":[0,0,0,0],"5":[0,0],"6":[0,0],"7":[0]}}
,"/Users/metehansimsek/smart-sensor-system/backend/src/routes/auth.ts": {"path":"/Users/metehansimsek/smart-sensor-system/backend/src/routes/auth.ts","statementMap":{"0":{"start":{"line":1,"column":0},"end":{"line":1,"column":33}},"1":{"start":{"line":2,"column":0},"end":{"line":2,"column":84}},"2":{"start":{"line":3,"column":0},"end":{"line":3,"column":62}},"3":{"start":{"line":4,"column":0},"end":{"line":4,"column":42}},"4":{"start":{"line":6,"column":15},"end":{"line":6,"column":23}},"5":{"start":{"line":8,"column":0},"end":{"line":8,"column":29}},"6":{"start":{"line":9,"column":0},"end":{"line":9,"column":83}},"7":{"start":{"line":10,"column":0},"end":{"line":10,"column":54}},"8":{"start":{"line":11,"column":0},"end":{"line":11,"column":36}},"9":{"start":{"line":13,"column":0},"end":{"line":13,"column":22}}},"fnMap":{},"branchMap":{},"s":{"0":3,"1":3,"2":3,"3":3,"4":3,"5":3,"6":3,"7":3,"8":3,"9":3},"f":{},"b":{}}
,"/Users/metehansimsek/smart-sensor-system/backend/src/routes/companies.ts": {"path":"/Users/metehansimsek/smart-sensor-system/backend/src/routes/companies.ts","statementMap":{"0":{"start":{"line":1,"column":0},"end":{"line":1,"column":33}},"1":{"start":{"line":2,"column":0},"end":{"line":2,"column":null}},"2":{"start":{"line":12,"column":0},"end":{"line":12,"column":62}},"3":{"start":{"line":13,"column":0},"end":{"line":13,"column":42}},"4":{"start":{"line":15,"column":15},"end":{"line":15,"column":23}},"5":{"start":{"line":17,"column":0},"end":{"line":17,"column":102}},"6":{"start":{"line":18,"column":0},"end":{"line":18,"column":80}},"7":{"start":{"line":19,"column":0},"end":{"line":19,"column":82}},"8":{"start":{"line":20,"column":0},"end":{"line":20,"column":121}},"9":{"start":{"line":21,"column":0},"end":{"line":21,"column":123}},"10":{"start":{"line":22,"column":0},"end":{"line":22,"column":136}},"11":{"start":{"line":23,"column":0},"end":{"line":23,"column":141}},"12":{"start":{"line":24,"column":0},"end":{"line":24,"column":155}},"13":{"start":{"line":26,"column":0},"end":{"line":26,"column":22}}},"fnMap":{},"branchMap":{},"s":{"0":3,"1":3,"2":3,"3":3,"4":3,"5":3,"6":3,"7":3,"8":3,"9":3,"10":3,"11":3,"12":3,"13":3},"f":{},"b":{}}
,"/Users/metehansimsek/smart-sensor-system/backend/src/routes/customers.ts": {"path":"/Users/metehansimsek/smart-sensor-system/backend/src/routes/customers.ts","statementMap":{"0":{"start":{"line":1,"column":0},"end":{"line":1,"column":33}},"1":{"start":{"line":2,"column":0},"end":{"line":2,"column":null}},"2":{"start":{"line":8,"column":0},"end":{"line":8,"column":62}},"3":{"start":{"line":9,"column":0},"end":{"line":9,"column":42}},"4":{"start":{"line":11,"column":15},"end":{"line":11,"column":23}},"5":{"start":{"line":13,"column":0},"end":{"line":13,"column":78}},"6":{"start":{"line":14,"column":0},"end":{"line":14,"column":81}},"7":{"start":{"line":15,"column":0},"end":{"line":15,"column":83}},"8":{"start":{"line":16,"column":0},"end":{"line":16,"column":86}},"9":{"start":{"line":18,"column":0},"end":{"line":18,"column":22}}},"fnMap":{},"branchMap":{},"s":{"0":3,"1":3,"2":3,"3":3,"4":3,"5":3,"6":3,"7":3,"8":3,"9":3},"f":{},"b":{}}
,"/Users/metehansimsek/smart-sensor-system/backend/src/routes/logs.ts": {"path":"/Users/metehansimsek/smart-sensor-system/backend/src/routes/logs.ts","statementMap":{"0":{"start":{"line":1,"column":0},"end":{"line":1,"column":33}},"1":{"start":{"line":2,"column":0},"end":{"line":2,"column":83}},"2":{"start":{"line":3,"column":0},"end":{"line":3,"column":62}},"3":{"start":{"line":4,"column":0},"end":{"line":4,"column":42}},"4":{"start":{"line":6,"column":15},"end":{"line":6,"column":23}},"5":{"start":{"line":8,"column":0},"end":{"line":8,"column":42}},"6":{"start":{"line":9,"column":0},"end":{"line":9,"column":39}},"7":{"start":{"line":10,"column":0},"end":{"line":10,"column":114}},"8":{"start":{"line":12,"column":0},"end":{"line":12,"column":22}}},"fnMap":{},"branchMap":{},"s":{"0":3,"1":3,"2":3,"3":3,"4":3,"5":3,"6":3,"7":3,"8":3},"f":{},"b":{}}
,"/Users/metehansimsek/smart-sensor-system/backend/src/routes/sensors.ts": {"path":"/Users/metehansimsek/smart-sensor-system/backend/src/routes/sensors.ts","statementMap":{"0":{"start":{"line":1,"column":0},"end":{"line":1,"column":33}},"1":{"start":{"line":2,"column":0},"end":{"line":2,"column":120}},"2":{"start":{"line":3,"column":0},"end":{"line":3,"column":62}},"3":{"start":{"line":4,"column":0},"end":{"line":4,"column":42}},"4":{"start":{"line":6,"column":15},"end":{"line":6,"column":23}},"5":{"start":{"line":8,"column":0},"end":{"line":8,"column":42}},"6":{"start":{"line":9,"column":0},"end":{"line":9,"column":103}},"7":{"start":{"line":10,"column":0},"end":{"line":10,"column":59}},"8":{"start":{"line":11,"column":0},"end":{"line":11,"column":84}},"9":{"start":{"line":12,"column":0},"end":{"line":12,"column":67}},"10":{"start":{"line":14,"column":0},"end":{"line":14,"column":22}}},"fnMap":{},"branchMap":{},"s":{"0":3,"1":3,"2":3,"3":3,"4":3,"5":3,"6":3,"7":3,"8":3,"9":3,"10":3},"f":{},"b":{}}
,"/Users/metehansimsek/smart-sensor-system/backend/src/routes/userSensors.ts": {"path":"/Users/metehansimsek/smart-sensor-system/backend/src/routes/userSensors.ts","statementMap":{"0":{"start":{"line":1,"column":0},"end":{"line":1,"column":33}},"1":{"start":{"line":2,"column":0},"end":{"line":2,"column":66}},"2":{"start":{"line":3,"column":0},"end":{"line":3,"column":51}},"3":{"start":{"line":5,"column":15},"end":{"line":5,"column":23}},"4":{"start":{"line":8,"column":0},"end":{"line":8,"column":53}},"5":{"start":{"line":10,"column":0},"end":{"line":10,"column":22}}},"fnMap":{},"branchMap":{},"s":{"0":3,"1":3,"2":3,"3":3,"4":3,"5":3},"f":{},"b":{}}
,"/Users/metehansimsek/smart-sensor-system/backend/src/routes/users.ts": {"path":"/Users/metehansimsek/smart-sensor-system/backend/src/routes/users.ts","statementMap":{"0":{"start":{"line":1,"column":0},"end":{"line":1,"column":33}},"1":{"start":{"line":2,"column":0},"end":{"line":2,"column":81}},"2":{"start":{"line":3,"column":0},"end":{"line":3,"column":79}},"3":{"start":{"line":4,"column":0},"end":{"line":4,"column":42}},"4":{"start":{"line":6,"column":15},"end":{"line":6,"column":23}},"5":{"start":{"line":8,"column":0},"end":{"line":8,"column":57}},"6":{"start":{"line":9,"column":0},"end":{"line":9,"column":103}},"7":{"start":{"line":10,"column":0},"end":{"line":10,"column":82}},"8":{"start":{"line":12,"column":0},"end":{"line":12,"column":22}}},"fnMap":{},"branchMap":{},"s":{"0":3,"1":3,"2":3,"3":3,"4":3,"5":3,"6":3,"7":3,"8":3},"f":{},"b":{}}
}
