TN:
SF:src/app.ts
FN:50,(anonymous_1)
FN:67,(anonymous_2)
FN:72,(anonymous_3)
FN:80,(anonymous_4)
FN:82,(anonymous_5)
FN:92,(anonymous_6)
FNF:6
FNH:0
FNDA:0,(anonymous_1)
FNDA:0,(anonymous_2)
FNDA:0,(anonymous_3)
FNDA:0,(anonymous_4)
FNDA:0,(anonymous_5)
FNDA:0,(anonymous_6)
DA:1,3
DA:2,3
DA:3,3
DA:4,3
DA:5,3
DA:6,3
DA:7,3
DA:8,3
DA:9,3
DA:10,3
DA:11,3
DA:12,3
DA:13,3
DA:14,3
DA:15,3
DA:16,3
DA:17,3
DA:18,3
DA:21,3
DA:23,3
DA:24,3
DA:26,3
DA:33,3
DA:34,3
DA:38,3
DA:39,3
DA:40,3
DA:43,3
DA:48,3
DA:50,3
DA:51,0
DA:59,3
DA:60,3
DA:61,3
DA:62,3
DA:63,3
DA:64,3
DA:65,3
DA:67,3
DA:68,0
DA:72,3
DA:73,0
DA:74,0
DA:80,3
DA:81,0
DA:82,0
DA:83,0
DA:88,3
DA:90,3
DA:91,3
DA:92,0
DA:93,0
DA:94,0
DA:95,0
DA:96,0
DA:100,3
LF:56
LH:44
BRDA:28,0,0,3
BRDA:28,0,1,0
BRDA:35,1,0,3
BRDA:35,1,1,0
BRDA:75,2,0,0
BRDA:75,2,1,0
BRDA:90,3,0,3
BRDA:90,3,1,0
BRDA:91,4,0,0
BRDA:96,5,0,0
BRDA:96,5,1,0
BRF:11
BRH:3
end_of_record
TN:
SF:src/config/database.ts
FN:22,(anonymous_1)
FNF:1
FNH:0
FNDA:0,(anonymous_1)
DA:1,3
DA:2,3
DA:4,3
DA:6,3
DA:22,3
DA:23,0
DA:24,0
DA:25,0
DA:26,0
DA:28,0
DA:29,0
DA:33,3
LF:12
LH:6
BRDA:8,0,0,3
BRDA:8,0,1,0
BRDA:9,1,0,3
BRDA:9,1,1,3
BRDA:10,2,0,3
BRDA:10,2,1,0
BRDA:11,3,0,3
BRDA:11,3,1,0
BRDA:12,4,0,3
BRDA:12,4,1,0
BRDA:13,5,0,0
BRDA:13,5,1,3
BRF:12
BRH:7
end_of_record
TN:
SF:src/controllers/authController.ts
FN:8,(anonymous_1)
FN:17,(anonymous_2)
FN:66,(anonymous_3)
FN:88,(anonymous_4)
FN:99,(anonymous_5)
FNF:5
FNH:1
FNDA:0,(anonymous_1)
FNDA:1,(anonymous_2)
FNDA:0,(anonymous_3)
FNDA:0,(anonymous_4)
FNDA:0,(anonymous_5)
DA:2,3
DA:3,3
DA:4,3
DA:5,3
DA:8,3
DA:9,0
DA:17,3
DA:18,1
DA:19,1
DA:21,1
DA:22,1
DA:23,1
DA:26,0
DA:27,0
DA:28,0
DA:29,0
DA:32,0
DA:33,0
DA:34,0
DA:35,0
DA:38,0
DA:44,0
DA:51,0
DA:61,0
DA:66,3
DA:67,0
DA:68,0
DA:70,0
DA:71,0
DA:72,0
DA:73,0
DA:76,0
DA:78,0
DA:83,0
DA:88,3
DA:89,0
DA:90,0
DA:91,0
DA:92,0
DA:94,0
DA:99,3
DA:100,0
DA:101,0
DA:104,0
DA:106,0
LF:45
LH:14
BRDA:12,0,0,0
BRDA:12,0,1,0
BRDA:21,1,0,1
BRDA:21,2,0,1
BRDA:21,2,1,0
BRDA:27,3,0,0
BRDA:33,4,0,0
BRDA:71,5,0,0
BRF:8
BRH:2
end_of_record
TN:
SF:src/controllers/companyController.ts
FN:8,(anonymous_10)
FN:24,(anonymous_11)
FN:34,(anonymous_12)
FN:54,(anonymous_13)
FN:96,(anonymous_14)
FN:114,(anonymous_15)
FN:121,(anonymous_16)
FN:144,(anonymous_17)
FN:154,(anonymous_18)
FN:158,(anonymous_19)
FNF:10
FNH:0
FNDA:0,(anonymous_10)
FNDA:0,(anonymous_11)
FNDA:0,(anonymous_12)
FNDA:0,(anonymous_13)
FNDA:0,(anonymous_14)
FNDA:0,(anonymous_15)
FNDA:0,(anonymous_16)
FNDA:0,(anonymous_17)
FNDA:0,(anonymous_18)
FNDA:0,(anonymous_19)
DA:2,3
DA:3,3
DA:5,3
DA:6,3
DA:8,3
DA:9,0
DA:10,0
DA:11,0
DA:12,0
DA:13,0
DA:14,0
DA:16,0
DA:17,0
DA:19,0
DA:24,3
DA:25,0
DA:26,0
DA:27,0
DA:29,0
DA:34,3
DA:35,0
DA:36,0
DA:37,0
DA:39,0
DA:41,0
DA:42,0
DA:43,0
DA:44,0
DA:46,0
DA:47,0
DA:49,0
DA:54,3
DA:55,0
DA:56,0
DA:57,0
DA:59,0
DA:62,0
DA:63,0
DA:64,0
DA:68,0
DA:69,0
DA:70,0
DA:73,0
DA:74,0
DA:75,0
DA:76,0
DA:79,0
DA:80,0
DA:81,0
DA:82,0
DA:85,0
DA:86,0
DA:91,0
DA:96,3
DA:97,0
DA:98,0
DA:100,0
DA:103,0
DA:104,0
DA:105,0
DA:108,0
DA:114,0
DA:115,0
DA:117,0
DA:121,3
DA:122,0
DA:123,0
DA:124,0
DA:126,0
DA:127,0
DA:128,0
DA:131,0
DA:132,0
DA:133,0
DA:134,0
DA:137,0
DA:138,0
DA:140,0
DA:144,3
DA:145,0
DA:146,0
DA:147,0
DA:148,0
DA:150,0
DA:154,3
DA:155,0
DA:156,0
DA:157,0
DA:158,0
DA:159,0
DA:160,0
DA:162,0
LF:92
LH:12
BRDA:12,0,0,0
BRDA:39,1,0,0
BRDA:39,1,1,0
BRDA:42,2,0,0
BRDA:59,3,0,0
BRDA:59,3,1,0
BRDA:62,4,0,0
BRDA:62,5,0,0
BRDA:62,5,1,0
BRDA:68,6,0,0
BRDA:68,7,0,0
BRDA:68,7,1,0
BRDA:74,8,0,0
BRDA:80,9,0,0
BRDA:85,10,0,0
BRDA:85,10,1,0
BRDA:100,11,0,0
BRDA:100,11,1,0
BRDA:103,12,0,0
BRDA:103,13,0,0
BRDA:103,13,1,0
BRDA:126,14,0,0
BRDA:126,15,0,0
BRDA:126,15,1,0
BRDA:132,16,0,0
BRF:25
BRH:0
end_of_record
TN:
SF:src/controllers/customerController.ts
FN:7,(anonymous_1)
FN:46,(anonymous_2)
FN:75,(anonymous_3)
FN:117,(anonymous_4)
FNF:4
FNH:0
FNDA:0,(anonymous_1)
FNDA:0,(anonymous_2)
FNDA:0,(anonymous_3)
FNDA:0,(anonymous_4)
DA:2,3
DA:3,3
DA:7,3
DA:8,0
DA:9,0
DA:12,0
DA:13,0
DA:14,0
DA:15,0
DA:19,0
DA:20,0
DA:21,0
DA:22,0
DA:25,0
DA:35,0
DA:40,0
DA:41,0
DA:46,3
DA:47,0
DA:48,0
DA:50,0
DA:53,0
DA:54,0
DA:57,0
DA:67,0
DA:69,0
DA:70,0
DA:75,3
DA:76,0
DA:77,0
DA:78,0
DA:79,0
DA:81,0
DA:82,0
DA:83,0
DA:84,0
DA:88,0
DA:89,0
DA:90,0
DA:91,0
DA:92,0
DA:96,0
DA:106,0
DA:111,0
DA:112,0
DA:117,3
DA:118,0
DA:119,0
DA:120,0
DA:122,0
DA:123,0
DA:124,0
DA:125,0
DA:128,0
DA:130,0
DA:132,0
DA:133,0
LF:57
LH:6
BRDA:13,0,0,0
BRDA:20,1,0,0
BRDA:53,2,0,0
BRDA:78,3,0,0
BRDA:78,3,1,0
BRDA:82,4,0,0
BRDA:88,5,0,0
BRDA:88,6,0,0
BRDA:88,6,1,0
BRDA:90,7,0,0
BRDA:120,8,0,0
BRDA:120,8,1,0
BRDA:123,9,0,0
BRF:13
BRH:0
end_of_record
TN:
SF:src/controllers/logController.ts
FN:8,(anonymous_1)
FN:25,(anonymous_2)
FN:63,(anonymous_3)
FN:71,(anonymous_4)
FN:77,(anonymous_5)
FN:83,(anonymous_6)
FN:93,(anonymous_7)
FN:99,(anonymous_8)
FN:101,(anonymous_9)
FN:108,(anonymous_10)
FN:114,(anonymous_11)
FN:116,(anonymous_12)
FN:119,(anonymous_13)
FNF:13
FNH:0
FNDA:0,(anonymous_1)
FNDA:0,(anonymous_2)
FNDA:0,(anonymous_3)
FNDA:0,(anonymous_4)
FNDA:0,(anonymous_5)
FNDA:0,(anonymous_6)
FNDA:0,(anonymous_7)
FNDA:0,(anonymous_8)
FNDA:0,(anonymous_9)
FNDA:0,(anonymous_10)
FNDA:0,(anonymous_11)
FNDA:0,(anonymous_12)
FNDA:0,(anonymous_13)
DA:2,3
DA:3,3
DA:5,3
DA:6,3
DA:8,3
DA:9,0
DA:10,0
DA:12,0
DA:19,0
DA:21,0
DA:25,3
DA:26,0
DA:27,0
DA:28,0
DA:30,0
DA:31,0
DA:34,0
DA:35,0
DA:37,0
DA:38,0
DA:39,0
DA:40,0
DA:41,0
DA:44,0
DA:50,0
DA:57,0
DA:59,0
DA:63,3
DA:64,0
DA:65,0
DA:69,0
DA:70,0
DA:71,0
DA:72,0
DA:73,0
DA:76,0
DA:77,0
DA:78,0
DA:79,0
DA:82,0
DA:83,0
DA:84,0
DA:87,0
DA:88,0
DA:93,0
DA:94,0
DA:95,0
DA:98,0
DA:99,0
DA:101,0
DA:107,0
DA:108,0
DA:109,0
DA:110,0
DA:111,0
DA:113,0
DA:114,0
DA:115,0
DA:116,0
DA:119,0
DA:121,0
DA:137,0
LF:62
LH:7
BRDA:27,0,0,0
BRDA:30,1,0,0
BRDA:34,2,0,0
BRDA:34,3,0,0
BRDA:34,3,1,0
BRDA:37,4,0,0
BRDA:38,5,0,0
BRDA:38,6,0,0
BRDA:38,6,1,0
BRDA:40,7,0,0
BRDA:41,8,0,0
BRDA:73,9,0,0
BRDA:73,9,1,0
BRDA:79,10,0,0
BRDA:79,10,1,0
BRDA:84,11,0,0
BRDA:84,11,1,0
BRDA:103,12,0,0
BRDA:103,12,1,0
BRDA:108,13,0,0
BRDA:108,13,1,0
BRDA:110,14,0,0
BRDA:110,14,1,0
BRDA:130,15,0,0
BRDA:130,15,1,0
BRF:25
BRH:0
end_of_record
TN:
SF:src/controllers/sensorController.ts
FN:15,(anonymous_1)
FN:24,(anonymous_2)
FN:38,(anonymous_3)
FN:53,(anonymous_4)
FN:69,(anonymous_5)
FN:71,(anonymous_6)
FN:72,(anonymous_7)
FN:73,(anonymous_8)
FN:83,(anonymous_9)
FN:93,(anonymous_10)
FN:101,(anonymous_11)
FNF:11
FNH:0
FNDA:0,(anonymous_1)
FNDA:0,(anonymous_2)
FNDA:0,(anonymous_3)
FNDA:0,(anonymous_4)
FNDA:0,(anonymous_5)
FNDA:0,(anonymous_6)
FNDA:0,(anonymous_7)
FNDA:0,(anonymous_8)
FNDA:0,(anonymous_9)
FNDA:0,(anonymous_10)
FNDA:0,(anonymous_11)
DA:2,3
DA:3,3
DA:4,3
DA:6,3
DA:8,3
DA:13,3
DA:15,3
DA:16,0
DA:17,0
DA:18,0
DA:19,0
DA:20,0
DA:23,0
DA:24,0
DA:26,0
DA:27,0
DA:28,0
DA:31,0
DA:32,0
DA:34,0
DA:38,3
DA:39,0
DA:40,0
DA:41,0
DA:42,0
DA:43,0
DA:44,0
DA:46,0
DA:47,0
DA:49,0
DA:53,3
DA:54,0
DA:55,0
DA:56,0
DA:58,0
DA:68,0
DA:69,0
DA:70,0
DA:71,0
DA:72,0
DA:73,0
DA:77,0
DA:79,0
DA:83,3
DA:84,0
DA:85,0
DA:86,0
DA:87,0
DA:89,0
DA:93,3
DA:94,0
DA:95,0
DA:96,0
DA:97,0
DA:98,0
DA:100,0
DA:101,0
DA:102,0
DA:103,0
DA:105,0
LF:60
LH:11
BRDA:9,0,0,3
BRDA:9,0,1,0
BRDA:10,1,0,3
BRDA:10,1,1,0
BRDA:13,2,0,3
BRDA:13,2,1,0
BRDA:17,3,0,0
BRDA:26,4,0,0
BRDA:42,5,0,0
BRDA:56,6,0,0
BRDA:96,7,0,0
BRDA:96,8,0,0
BRDA:96,8,1,0
BRF:13
BRH:3
end_of_record
TN:
SF:src/controllers/userController.ts
FN:5,(anonymous_9)
FN:18,(anonymous_10)
FN:25,(anonymous_11)
FN:43,(anonymous_12)
FNF:4
FNH:0
FNDA:0,(anonymous_9)
FNDA:0,(anonymous_10)
FNDA:0,(anonymous_11)
FNDA:0,(anonymous_12)
DA:2,3
DA:5,3
DA:6,0
DA:7,0
DA:9,0
DA:10,0
DA:13,0
DA:18,0
DA:19,0
DA:21,0
DA:25,3
DA:26,0
DA:27,0
DA:28,0
DA:30,0
DA:31,0
DA:32,0
DA:33,0
DA:36,0
DA:37,0
DA:39,0
DA:43,3
DA:44,0
DA:45,0
DA:46,0
DA:47,0
DA:49,0
LF:27
LH:4
BRDA:9,0,0,0
BRDA:31,1,0,0
BRF:2
BRH:0
end_of_record
TN:
SF:src/middlewares/auth.ts
FN:14,(anonymous_1)
FN:53,(anonymous_2)
FN:54,(anonymous_3)
FN:68,(anonymous_4)
FN:80,(anonymous_5)
FNF:5
FNH:2
FNDA:6,(anonymous_1)
FNDA:54,(anonymous_2)
FNDA:0,(anonymous_3)
FNDA:0,(anonymous_4)
FNDA:0,(anonymous_5)
DA:2,3
DA:3,3
DA:14,3
DA:19,6
DA:20,6
DA:21,6
DA:24,6
DA:25,0
DA:26,0
DA:27,0
DA:28,0
DA:33,6
DA:34,6
DA:35,6
DA:38,0
DA:39,0
DA:45,0
DA:46,0
DA:48,0
DA:53,3
DA:54,54
DA:55,0
DA:56,0
DA:57,0
DA:59,0
DA:60,0
DA:61,0
DA:63,0
DA:68,3
DA:73,0
DA:74,0
DA:76,0
DA:80,3
DA:81,0
DA:82,0
DA:83,0
DA:84,0
DA:85,0
DA:87,0
LF:39
LH:14
BRDA:24,0,0,0
BRDA:26,1,0,0
BRDA:33,2,0,6
BRDA:33,3,0,6
BRDA:33,3,1,0
BRDA:55,4,0,0
BRDA:59,5,0,0
BRDA:73,6,0,0
BRDA:84,7,0,0
BRF:9
BRH:2
end_of_record
TN:
SF:src/models/Company.ts
FNF:0
FNH:0
DA:1,3
DA:2,3
DA:22,3
DA:46,3
LF:4
LH:4
BRF:0
BRH:0
end_of_record
TN:
SF:src/models/Customer.ts
FNF:0
FNH:0
DA:1,3
DA:2,3
DA:32,3
DA:82,3
LF:4
LH:4
BRF:0
BRH:0
end_of_record
TN:
SF:src/models/Sensor.ts
FNF:0
FNH:0
DA:1,3
DA:2,3
DA:26,3
DA:58,3
LF:4
LH:4
BRF:0
BRH:0
end_of_record
TN:
SF:src/models/User.ts
FN:5,(anonymous_1)
FN:35,(anonymous_2)
FN:82,(anonymous_3)
FN:85,(anonymous_4)
FNF:4
FNH:1
FNDA:3,(anonymous_1)
FNDA:0,(anonymous_2)
FNDA:0,(anonymous_3)
FNDA:0,(anonymous_4)
DA:1,3
DA:2,3
DA:3,3
DA:5,3
DA:6,3
DA:7,3
DA:8,3
DA:36,0
DA:40,3
DA:83,0
DA:86,0
DA:87,0
DA:93,3
LF:13
LH:9
BRDA:5,0,0,3
BRDA:5,0,1,3
BRDA:86,1,0,0
BRF:3
BRH:2
end_of_record
TN:
SF:src/models/UserLog.ts
FNF:0
FNH:0
DA:1,3
DA:2,3
DA:22,3
DA:49,3
LF:4
LH:4
BRF:0
BRH:0
end_of_record
TN:
SF:src/models/UserSensor.ts
FNF:0
FNH:0
DA:1,3
DA:2,3
DA:20,3
DA:39,3
LF:4
LH:4
BRF:0
BRH:0
end_of_record
TN:
SF:src/models/associations.ts
FNF:0
FNH:0
DA:1,3
DA:2,3
DA:3,3
DA:4,3
DA:5,3
DA:6,3
DA:9,3
DA:14,3
DA:21,3
LF:9
LH:9
BRF:0
BRH:0
end_of_record
TN:
SF:src/mqtt/subscriber.ts
FN:38,(anonymous_1)
FN:47,(anonymous_2)
FN:55,(anonymous_3)
FN:57,(anonymous_4)
FN:66,(anonymous_5)
FN:100,(anonymous_6)
FN:104,(anonymous_7)
FN:108,(anonymous_8)
FNF:8
FNH:0
FNDA:0,(anonymous_1)
FNDA:0,(anonymous_2)
FNDA:0,(anonymous_3)
FNDA:0,(anonymous_4)
FNDA:0,(anonymous_5)
FNDA:0,(anonymous_6)
FNDA:0,(anonymous_7)
FNDA:0,(anonymous_8)
DA:1,3
DA:2,3
DA:4,3
DA:7,3
DA:20,3
DA:25,3
DA:38,3
DA:39,0
DA:47,3
DA:48,0
DA:55,0
DA:56,0
DA:57,0
DA:58,0
DA:59,0
DA:61,0
DA:66,0
DA:67,0
DA:68,0
DA:70,0
DA:71,0
DA:72,0
DA:75,0
DA:77,0
DA:84,0
DA:85,0
DA:87,0
DA:96,0
DA:100,0
DA:101,0
DA:104,0
DA:105,0
DA:108,0
DA:109,0
DA:112,0
LF:35
LH:8
BRDA:21,0,0,3
BRDA:21,0,1,0
BRDA:22,1,0,3
BRDA:22,1,1,0
BRDA:26,2,0,3
BRDA:26,2,1,0
BRDA:27,3,0,3
BRDA:27,3,1,0
BRDA:40,4,0,0
BRDA:40,4,1,0
BRDA:40,4,2,0
BRDA:40,4,3,0
BRDA:48,5,0,0
BRDA:48,5,1,0
BRDA:58,6,0,0
BRDA:58,6,1,0
BRDA:70,7,0,0
BRF:17
BRH:4
end_of_record
TN:
SF:src/routes/auth.ts
FNF:0
FNH:0
DA:1,3
DA:2,3
DA:3,3
DA:4,3
DA:6,3
DA:8,3
DA:9,3
DA:10,3
DA:11,3
DA:13,3
LF:10
LH:10
BRF:0
BRH:0
end_of_record
TN:
SF:src/routes/companies.ts
FNF:0
FNH:0
DA:1,3
DA:2,3
DA:12,3
DA:13,3
DA:15,3
DA:17,3
DA:18,3
DA:19,3
DA:20,3
DA:21,3
DA:22,3
DA:23,3
DA:24,3
DA:26,3
LF:14
LH:14
BRF:0
BRH:0
end_of_record
TN:
SF:src/routes/customers.ts
FNF:0
FNH:0
DA:1,3
DA:2,3
DA:8,3
DA:9,3
DA:11,3
DA:13,3
DA:14,3
DA:15,3
DA:16,3
DA:18,3
LF:10
LH:10
BRF:0
BRH:0
end_of_record
TN:
SF:src/routes/logs.ts
FNF:0
FNH:0
DA:1,3
DA:2,3
DA:3,3
DA:4,3
DA:6,3
DA:8,3
DA:9,3
DA:10,3
DA:12,3
LF:9
LH:9
BRF:0
BRH:0
end_of_record
TN:
SF:src/routes/sensors.ts
FNF:0
FNH:0
DA:1,3
DA:2,3
DA:3,3
DA:4,3
DA:6,3
DA:8,3
DA:9,3
DA:10,3
DA:11,3
DA:12,3
DA:14,3
LF:11
LH:11
BRF:0
BRH:0
end_of_record
TN:
SF:src/routes/userSensors.ts
FNF:0
FNH:0
DA:1,3
DA:2,3
DA:3,3
DA:5,3
DA:8,3
DA:10,3
LF:6
LH:6
BRF:0
BRH:0
end_of_record
TN:
SF:src/routes/users.ts
FNF:0
FNH:0
DA:1,3
DA:2,3
DA:3,3
DA:4,3
DA:6,3
DA:8,3
DA:9,3
DA:10,3
DA:12,3
LF:9
LH:9
BRF:0
BRH:0
end_of_record
